DEPRECATION WARNING: require "activesupport" is deprecated and will be removed in Rails 3. Use require "active_support" instead.. (called from /home/analistas/pontuacao_atual/vendor/rails/activesupport/lib/activesupport.rb:2)
  [4;36;1mSQL (0.1ms)[0m   [0;1mSET NAMES 'utf8'[0m
  [4;35;1mSQL (0.1ms)[0m   [0mSET SQL_AUTO_IS_NULL=0[0m


Processing HomeController#index (for 127.0.0.1 at 2012-07-03 12:32:27) [GET]
Redirected to http://localhost:3000/sessao/nova
Filter chain halted as [:login_required] rendered_or_redirected.
Completed in 16ms (DB: 0) | 302 Found [http://localhost/]
  [4;36;1mSQL (0.1ms)[0m   [0;1mSET NAMES 'utf8'[0m
  [4;35;1mSQL (0.1ms)[0m   [0mSET SQL_AUTO_IS_NULL=0[0m


Processing SessionsController#new (for 127.0.0.1 at 2012-07-03 12:32:27) [GET]
Rendering template within layouts/login
Rendering sessions/new
Completed in 63ms (View: 56, DB: 0) | 200 OK [http://localhost/sessao/nova]
  [4;36;1mSQL (0.1ms)[0m   [0;1mSET NAMES 'utf8'[0m
  [4;35;1mSQL (0.1ms)[0m   [0mSET SQL_AUTO_IS_NULL=0[0m


Processing SessionsController#create (for 127.0.0.1 at 2012-07-03 13:16:35) [POST]
  Parameters: {"login"=>"administrador", "authenticity_token"=>"nWDq/rgKO4Vf0dU8kxKOt0VRsAF+A0E3nb4PvL3Fy5Q=", "password"=>"s3inf09", "commit"=>"Entrar"}
  [4;36;1mUser Load (0.6ms)[0m   [0;1mSELECT * FROM `users` WHERE (login = 'administrador' and activated_at IS NOT NULL) LIMIT 1[0m
  [4;35;1mUser Columns (1.3ms)[0m   [0mSHOW FIELDS FROM `users`[0m
Redirected to http://localhost:3000/
Completed in 43ms (DB: 2) | 302 Found [http://localhost/sessao]
  [4;36;1mSQL (0.1ms)[0m   [0;1mSET NAMES 'utf8'[0m
  [4;35;1mSQL (0.1ms)[0m   [0mSET SQL_AUTO_IS_NULL=0[0m


Processing HomeController#index (for 127.0.0.1 at 2012-07-03 13:16:35) [GET]
  [4;36;1mUser Columns (1.4ms)[0m   [0;1mSHOW FIELDS FROM `users`[0m
  [4;35;1mUser Load (0.4ms)[0m   [0mSELECT * FROM `users` WHERE (`users`.`id` = 1) LIMIT 1[0m
  [4;36;1mProfessor Load (39.2ms)[0m   [0;1mSELECT * FROM `professors` ORDER BY matricula[0m
  [4;35;1mConfiguration Columns (1.0ms)[0m   [0mSHOW FIELDS FROM `configurations`[0m
  [4;36;1mConfiguration Load (0.3ms)[0m   [0;1mSELECT * FROM `configurations` WHERE (`configurations`.`user_id` = 1) LIMIT 1[0m
Rendering template within layouts/application
Rendering home/index
  [4;35;1mAnnouncement Load (0.4ms)[0m   [0mSELECT * FROM `announcements` WHERE (starts_at <= now() AND ends_at >= now()) [0m
  [4;36;1mroles_users Columns (0.9ms)[0m   [0;1mSHOW FIELDS FROM `roles_users`[0m
  [4;35;1mRole Load (0.4ms)[0m   [0mSELECT * FROM `roles` INNER JOIN `roles_users` ON `roles`.id = `roles_users`.role_id WHERE (`roles_users`.user_id = 1 ) [0m
  [4;36;1mRole Columns (0.7ms)[0m   [0;1mSHOW FIELDS FROM `roles`[0m
Completed in 238ms (View: 78, DB: 45) | 200 OK [http://localhost/]
  [4;35;1mSQL (0.3ms)[0m   [0mSET NAMES 'utf8'[0m
  [4;36;1mSQL (0.1ms)[0m   [0;1mSET SQL_AUTO_IS_NULL=0[0m


Processing TrabalhadosController#new (for 127.0.0.1 at 2012-07-03 13:16:46) [GET]
  [4;35;1mUser Columns (1.8ms)[0m   [0mSHOW FIELDS FROM `users`[0m
  [4;36;1mUser Load (0.2ms)[0m   [0;1mSELECT * FROM `users` WHERE (`users`.`id` = 1) LIMIT 1[0m
  [4;35;1mProfessor Load (3.6ms)[0m   [0mSELECT * FROM `professors` ORDER BY matricula[0m
  [4;36;1mCACHE (0.0ms)[0m   [0;1mSELECT * FROM `professors` ORDER BY matricula[0m
  [4;35;1mConfiguration Columns (1.4ms)[0m   [0mSHOW FIELDS FROM `configurations`[0m
  [4;36;1mConfiguration Load (0.2ms)[0m   [0;1mSELECT * FROM `configurations` WHERE (`configurations`.`user_id` = 1) LIMIT 1[0m
  [4;35;1mTrabalhado Columns (2.6ms)[0m   [0mSHOW FIELDS FROM `trabalhados`[0m
Rendering template within layouts/application
Rendering trabalhados/new
  [4;36;1mProfessor Columns (3.4ms)[0m   [0;1mSHOW FIELDS FROM `professors`[0m
  [4;35;1mAnnouncement Load (0.5ms)[0m   [0mSELECT * FROM `announcements` WHERE (starts_at <= now() AND ends_at >= now()) [0m
  [4;36;1mroles_users Columns (0.9ms)[0m   [0;1mSHOW FIELDS FROM `roles_users`[0m
  [4;35;1mRole Load (0.1ms)[0m   [0mSELECT * FROM `roles` INNER JOIN `roles_users` ON `roles`.id = `roles_users`.role_id WHERE (`roles_users`.user_id = 1 ) [0m
  [4;36;1mRole Columns (0.8ms)[0m   [0;1mSHOW FIELDS FROM `roles`[0m
Completed in 4614ms (View: 303, DB: 16) | 200 OK [http://localhost/tempo_de_servico/novo]
  [4;35;1mSQL (0.1ms)[0m   [0mSET NAMES 'utf8'[0m
  [4;36;1mSQL (0.1ms)[0m   [0;1mSET SQL_AUTO_IS_NULL=0[0m


Processing TrabalhadosController#sel_prof (for 127.0.0.1 at 2012-07-03 13:17:00) [POST]
  Parameters: {"authenticity_token"=>"nWDq/rgKO4Vf0dU8kxKOt0VRsAF+A0E3nb4PvL3Fy5Q=", "trabalhado_professor_id"=>"1185"}
  [4;35;1mUser Columns (1.7ms)[0m   [0mSHOW FIELDS FROM `users`[0m
  [4;36;1mUser Load (0.2ms)[0m   [0;1mSELECT * FROM `users` WHERE (`users`.`id` = 1) LIMIT 1[0m
  [4;35;1mProfessor Load (3.2ms)[0m   [0mSELECT * FROM `professors` ORDER BY matricula[0m
  [4;36;1mCACHE (0.0ms)[0m   [0;1mSELECT * FROM `professors` ORDER BY matricula[0m
  [4;35;1mConfiguration Columns (1.0ms)[0m   [0mSHOW FIELDS FROM `configurations`[0m
  [4;36;1mConfiguration Load (0.1ms)[0m   [0;1mSELECT * FROM `configurations` WHERE (`configurations`.`user_id` = 1) LIMIT 1[0m
  [4;35;1mTrabalhado Columns (2.4ms)[0m   [0mSHOW FIELDS FROM `trabalhados`[0m
  [4;36;1mTrabalhado Load (177.5ms)[0m   [0;1mSELECT * FROM `trabalhados` WHERE (flag = 0 and ano_letivo = '2012') AND (`trabalhados`.`professor_id` = 1185) [0m
  [4;35;1mProfessor Columns (3.1ms)[0m   [0mSHOW FIELDS FROM `professors`[0m
  [4;36;1mProfessor Load (0.7ms)[0m   [0;1mSELECT * FROM `professors` WHERE (`professors`.`id` = 1185) [0m
  [4;35;1mAcumTrab Load (5.1ms)[0m   [0mSELECT * FROM `acum_trabs` WHERE (professor_id = 1185) [0m
  [4;36;1mTrabalhado Load (18.9ms)[0m   [0;1mSELECT * FROM `trabalhados` WHERE (ano = 2011 and professor_id= 1185 and flag = 0) [0m
  [4;35;1mTrabalhado Load (18.3ms)[0m   [0mSELECT * FROM `trabalhados` WHERE (ano = 2012 and professor_id= 1185 and flag = 0) [0m
  [4;36;1mAcumTrab Load (4.9ms)[0m   [0;1mSELECT * FROM `acum_trabs` WHERE (professor_id= 1185) [0m
  [4;35;1mProfessor Load (0.7ms)[0m   [0mSELECT * FROM `professors` WHERE (id=1185) [0m
  [4;36;1mTrabalhado Load (17.0ms)[0m   [0;1mSELECT * FROM `trabalhados` WHERE (professor_id=1185) [0m
  [4;35;1mProfessor Load (0.5ms)[0m   [0mSELECT * FROM `professors` WHERE (`professors`.`id` = 1185) LIMIT 1[0m
  [4;36;1mTituloProfessor Load (68.5ms)[0m   [0;1mSELECT * FROM titulo_professors tp inner join titulacaos t on tp.titulo_id=t.id where tp.professor_id=1185 and t.tipo = 'PERMANENTE'[0m
  [4;35;1mTituloProfessor Load (16.0ms)[0m   [0mSELECT * FROM titulo_professors tp inner join titulacaos t on tp.titulo_id=t.id where tp.professor_id=1185 and t.tipo = 'ANUAL'[0m
  [4;36;1mTituloProfessor Load (18.7ms)[0m   [0;1mSELECT * FROM titulo_professors tp inner join titulacaos t on tp.titulo_id=t.id where tp.professor_id=1185 and t.tipo = '5 ANOS'[0m
  [4;35;1mCACHE (0.0ms)[0m   [0mSELECT * FROM `professors` WHERE (`professors`.`id` = 1185) LIMIT 1[0m
  [4;36;1mTrabalhado Load (17.2ms)[0m   [0;1mSELECT * FROM trabalhados where professor_id = 1185 and ano_letivo = 2012[0m
  [4;35;1mTrabalhado Load (16.7ms)[0m   [0mSELECT * FROM `trabalhados` WHERE (professor_id=1185 and (flag = 1 ) and ano_letivo = 2012) [0m
  [4;36;1mCACHE (0.0ms)[0m   [0;1mSELECT * FROM `acum_trabs` WHERE (professor_id = 1185) [0m
  [4;35;1mProfessor Load (0.6ms)[0m   [0mSELECT * FROM `professors` WHERE (id = 1185) [0m
Rendered trabalhados/_initial (1.9ms)
Rendered trabalhados/_visualizar (5.6ms)
Rendered trabalhados/_ano (1.6ms)
Completed in 13770ms (View: 36, DB: 393) | 200 OK [http://localhost/trabalhados/sel_prof]
  [4;36;1mSQL (0.1ms)[0m   [0;1mSET NAMES 'utf8'[0m
  [4;35;1mSQL (0.1ms)[0m   [0mSET SQL_AUTO_IS_NULL=0[0m


Processing AcumTrabsController#new (for 127.0.0.1 at 2012-07-03 13:17:18) [GET]
  [4;36;1mUser Columns (1.3ms)[0m   [0;1mSHOW FIELDS FROM `users`[0m
  [4;35;1mUser Load (0.1ms)[0m   [0mSELECT * FROM `users` WHERE (`users`.`id` = 1) LIMIT 1[0m
  [4;36;1mProfessor Load (2.6ms)[0m   [0;1mSELECT * FROM `professors` ORDER BY matricula[0m
  [4;35;1mProfessor Columns (2.3ms)[0m   [0mSHOW FIELDS FROM `professors`[0m
  [4;36;1mUnidade Columns (1.0ms)[0m   [0;1mSHOW FIELDS FROM `unidades`[0m
  [4;35;1mUnidade Load (0.7ms)[0m   [0mSELECT * FROM `unidades` WHERE (`unidades`.`id` IN (16,17,10,15,12,14,19,11,13,18,25,27,28,21,29,22,24,20,23,26,57,58,56,55,7,8,1,6,9,5,30,2,36,54,3,37,33,32,35,34,4,31,38,39,50,52,51,41,40,60,44,49,61,42,47,46,45,43,48)) [0m
  [4;36;1mAcumTrab Columns (2.1ms)[0m   [0;1mSHOW FIELDS FROM `acum_trabs`[0m
Rendering template within layouts/application
Rendering acum_trabs/new
  [4;35;1mAnnouncement Load (0.4ms)[0m   [0mSELECT * FROM `announcements` WHERE (starts_at <= now() AND ends_at >= now()) [0m
  [4;36;1mroles_users Columns (1.0ms)[0m   [0;1mSHOW FIELDS FROM `roles_users`[0m
  [4;35;1mRole Load (0.1ms)[0m   [0mSELECT * FROM `roles` INNER JOIN `roles_users` ON `roles`.id = `roles_users`.role_id WHERE (`roles_users`.user_id = 1 ) [0m
  [4;36;1mRole Columns (0.7ms)[0m   [0;1mSHOW FIELDS FROM `roles`[0m
Completed in 348ms (View: 67, DB: 13) | 200 OK [http://localhost/acumulado/novo]
  [4;35;1mSQL (0.2ms)[0m   [0mSET NAMES 'utf8'[0m
  [4;36;1mSQL (0.1ms)[0m   [0;1mSET SQL_AUTO_IS_NULL=0[0m


Processing AcumTrabsController#create (for 127.0.0.1 at 2012-07-03 13:17:20) [POST]
  Parameters: {"authenticity_token"=>"nWDq/rgKO4Vf0dU8kxKOt0VRsAF+A0E3nb4PvL3Fy5Q=", "acum_trab"=>{"pont_base_unid"=>"0.002", "pont_base_trab"=>"0.008", "tot_acum_efet"=>"0", "tot_acum_rede"=>"0", "pont_base_efet"=>"0.002", "tot_acum_unid"=>"0", "pont_base_rede"=>"0.001", "professor_id"=>"1185", "tot_acum_trab"=>"0"}, "commit"=>"Salvar"}
  [4;35;1mUser Columns (1.8ms)[0m   [0mSHOW FIELDS FROM `users`[0m
  [4;36;1mUser Load (0.2ms)[0m   [0;1mSELECT * FROM `users` WHERE (`users`.`id` = 1) LIMIT 1[0m
  [4;35;1mProfessor Load (3.9ms)[0m   [0mSELECT * FROM `professors` ORDER BY matricula[0m
  [4;36;1mProfessor Columns (4.4ms)[0m   [0;1mSHOW FIELDS FROM `professors`[0m
  [4;35;1mUnidade Columns (1.0ms)[0m   [0mSHOW FIELDS FROM `unidades`[0m
  [4;36;1mUnidade Load (0.2ms)[0m   [0;1mSELECT * FROM `unidades` WHERE (`unidades`.`id` IN (16,17,10,15,12,14,19,11,13,18,25,27,28,21,29,22,24,20,23,26,57,58,56,55,7,8,1,6,9,5,30,2,36,54,3,37,33,32,35,34,4,31,38,39,50,52,51,41,40,60,44,49,61,42,47,46,45,43,48)) [0m
  [4;35;1mAcumTrab Columns (2.0ms)[0m   [0mSHOW FIELDS FROM `acum_trabs`[0m
  [4;36;1mLog Columns (1.3ms)[0m   [0;1mSHOW FIELDS FROM `logs`[0m
  [4;35;1mSQL (0.1ms)[0m   [0mBEGIN[0m
  [4;36;1mLog Create (0.4ms)[0m   [0;1mINSERT INTO `logs` (`data`, `unidade_id`, `obs`, `created_at`, `updated_at`, `acumtrab_id`, `regiao_id`, `titulacao_id`, `professor_id`, `trabalhado_id`, `user_id`, `remocao_id`) VALUES('03/07/12 13:17', NULL, 'Criado valores acumulados para o professor:1185', '2012-07-03 13:17:21', '2012-07-03 13:17:21', NULL, NULL, NULL, 1185, NULL, 1, NULL)[0m
  [4;35;1mSQL (36.2ms)[0m   [0mCOMMIT[0m
  [4;36;1mSQL (0.1ms)[0m   [0;1mBEGIN[0m
  [4;35;1mAcumTrab Create (0.6ms)[0m   [0mINSERT INTO `acum_trabs` (`tot_acum_ant_efet`, `tot_geral_trab`, `pont_base_unid`, `status`, `tot_geral_unid`, `pont_base_trab`, `valor_rede`, `tot_acum_efet`, `valor_efet`, `created_at`, `tot_acum_ant_unid`, `valor_unid`, `updated_at`, `tot_acum_ant_trab`, `tot_acum_rede`, `pont_base_efet`, `tot_acum_unid`, `tot_geral_efet`, `verifica`, `professor_id`, `tot_acum_ant_rede`, `pont_base_rede`, `valor_trab`, `tot_acum_trab`, `tot_geral_rede`) VALUES(0, 0.0, 0.002, 0, 0.0, 0.008, 0.0, 0, 0.0, '2012-07-03 13:17:21', 0, 0.0, '2012-07-03 13:17:21', 0, 0, 0.002, 0, 0.0, 0, 1185, 0, 0.001, 0.0, 0, 0.0)[0m
  [4;36;1mSQL (48.3ms)[0m   [0;1mCOMMIT[0m
Redirected to http://localhost:3000/tempo_de_servico/novo
Completed in 601ms (DB: 101) | 302 Found [http://localhost/acumulado]
  [4;35;1mSQL (0.1ms)[0m   [0mSET NAMES 'utf8'[0m
  [4;36;1mSQL (0.1ms)[0m   [0;1mSET SQL_AUTO_IS_NULL=0[0m


Processing TrabalhadosController#new (for 127.0.0.1 at 2012-07-03 13:17:21) [GET]
  [4;35;1mUser Columns (1.6ms)[0m   [0mSHOW FIELDS FROM `users`[0m
  [4;36;1mUser Load (0.1ms)[0m   [0;1mSELECT * FROM `users` WHERE (`users`.`id` = 1) LIMIT 1[0m
  [4;35;1mProfessor Load (3.2ms)[0m   [0mSELECT * FROM `professors` ORDER BY matricula[0m
  [4;36;1mCACHE (0.0ms)[0m   [0;1mSELECT * FROM `professors` ORDER BY matricula[0m
  [4;35;1mConfiguration Columns (1.1ms)[0m   [0mSHOW FIELDS FROM `configurations`[0m
  [4;36;1mConfiguration Load (0.1ms)[0m   [0;1mSELECT * FROM `configurations` WHERE (`configurations`.`user_id` = 1) LIMIT 1[0m
  [4;35;1mTrabalhado Columns (1.8ms)[0m   [0mSHOW FIELDS FROM `trabalhados`[0m
Rendering template within layouts/application
Rendering trabalhados/new
  [4;36;1mProfessor Columns (2.1ms)[0m   [0;1mSHOW FIELDS FROM `professors`[0m
  [4;35;1mAnnouncement Load (0.4ms)[0m   [0mSELECT * FROM `announcements` WHERE (starts_at <= now() AND ends_at >= now()) [0m
  [4;36;1mroles_users Columns (0.9ms)[0m   [0;1mSHOW FIELDS FROM `roles_users`[0m
  [4;35;1mRole Load (0.2ms)[0m   [0mSELECT * FROM `roles` INNER JOIN `roles_users` ON `roles`.id = `roles_users`.role_id WHERE (`roles_users`.user_id = 1 ) [0m
  [4;36;1mRole Columns (0.7ms)[0m   [0;1mSHOW FIELDS FROM `roles`[0m
Completed in 438ms (View: 132, DB: 12) | 200 OK [http://localhost/tempo_de_servico/novo]
  [4;35;1mSQL (0.1ms)[0m   [0mSET NAMES 'utf8'[0m
  [4;36;1mSQL (0.3ms)[0m   [0;1mSET SQL_AUTO_IS_NULL=0[0m


Processing TrabalhadosController#sel_prof (for 127.0.0.1 at 2012-07-03 13:17:28) [POST]
  Parameters: {"authenticity_token"=>"nWDq/rgKO4Vf0dU8kxKOt0VRsAF+A0E3nb4PvL3Fy5Q=", "trabalhado_professor_id"=>"1185"}
  [4;35;1mUser Columns (1.4ms)[0m   [0mSHOW FIELDS FROM `users`[0m
  [4;36;1mUser Load (0.1ms)[0m   [0;1mSELECT * FROM `users` WHERE (`users`.`id` = 1) LIMIT 1[0m
  [4;35;1mProfessor Load (2.6ms)[0m   [0mSELECT * FROM `professors` ORDER BY matricula[0m
  [4;36;1mCACHE (0.0ms)[0m   [0;1mSELECT * FROM `professors` ORDER BY matricula[0m
  [4;35;1mConfiguration Columns (1.0ms)[0m   [0mSHOW FIELDS FROM `configurations`[0m
  [4;36;1mConfiguration Load (0.1ms)[0m   [0;1mSELECT * FROM `configurations` WHERE (`configurations`.`user_id` = 1) LIMIT 1[0m
  [4;35;1mTrabalhado Columns (2.3ms)[0m   [0mSHOW FIELDS FROM `trabalhados`[0m
  [4;36;1mTrabalhado Load (0.2ms)[0m   [0;1mSELECT * FROM `trabalhados` WHERE (flag = 0 and ano_letivo = '2012') AND (`trabalhados`.`professor_id` = 1185) [0m
  [4;35;1mProfessor Columns (3.0ms)[0m   [0mSHOW FIELDS FROM `professors`[0m
  [4;36;1mProfessor Load (0.2ms)[0m   [0;1mSELECT * FROM `professors` WHERE (`professors`.`id` = 1185) [0m
  [4;35;1mAcumTrab Load (5.2ms)[0m   [0mSELECT * FROM `acum_trabs` WHERE (professor_id = 1185) [0m
  [4;36;1mAcumTrab Columns (2.6ms)[0m   [0;1mSHOW FIELDS FROM `acum_trabs`[0m
  [4;35;1mTrabalhado Load (0.2ms)[0m   [0mSELECT * FROM `trabalhados` WHERE (ano = 2011 and professor_id= 1185 and flag = 0) [0m
  [4;36;1mTrabalhado Load (0.1ms)[0m   [0;1mSELECT * FROM `trabalhados` WHERE (ano = 2012 and professor_id= 1185 and flag = 0) [0m
  [4;35;1mAcumTrab Load (5.1ms)[0m   [0mSELECT * FROM `acum_trabs` WHERE (professor_id= 1185) [0m
  [4;36;1mProfessor Load (0.2ms)[0m   [0;1mSELECT * FROM `professors` WHERE (id=1185) [0m
  [4;35;1mTrabalhado Load (0.1ms)[0m   [0mSELECT * FROM `trabalhados` WHERE (professor_id=1185) [0m
  [4;36;1mProfessor Load (0.2ms)[0m   [0;1mSELECT * FROM `professors` WHERE (`professors`.`id` = 1185) LIMIT 1[0m
  [4;35;1mTituloProfessor Load (0.2ms)[0m   [0mSELECT * FROM titulo_professors tp inner join titulacaos t on tp.titulo_id=t.id where tp.professor_id=1185 and t.tipo = 'PERMANENTE'[0m
  [4;36;1mTituloProfessor Load (0.1ms)[0m   [0;1mSELECT * FROM titulo_professors tp inner join titulacaos t on tp.titulo_id=t.id where tp.professor_id=1185 and t.tipo = 'ANUAL'[0m
  [4;35;1mTituloProfessor Load (0.2ms)[0m   [0mSELECT * FROM titulo_professors tp inner join titulacaos t on tp.titulo_id=t.id where tp.professor_id=1185 and t.tipo = '5 ANOS'[0m
  [4;36;1mCACHE (0.0ms)[0m   [0;1mSELECT * FROM `professors` WHERE (`professors`.`id` = 1185) LIMIT 1[0m
  [4;35;1mTrabalhado Load (0.5ms)[0m   [0mSELECT * FROM trabalhados where professor_id = 1185 and ano_letivo = 2012[0m
  [4;36;1mTrabalhado Load (0.1ms)[0m   [0;1mSELECT * FROM `trabalhados` WHERE (professor_id=1185 and (flag = 1 ) and ano_letivo = 2012) [0m
  [4;35;1mCACHE (0.0ms)[0m   [0mSELECT * FROM `acum_trabs` WHERE (professor_id = 1185) [0m
  [4;36;1mProfessor Load (0.2ms)[0m   [0;1mSELECT * FROM `professors` WHERE (id = 1185) [0m
Rendered trabalhados/_visualizar (3.8ms)
  [4;35;1mroles_users Columns (1.3ms)[0m   [0mSHOW FIELDS FROM `roles_users`[0m
  [4;36;1mRole Load (0.1ms)[0m   [0;1mSELECT * FROM `roles` INNER JOIN `roles_users` ON `roles`.id = `roles_users`.role_id WHERE (`roles_users`.user_id = 1 ) [0m
  [4;35;1mRole Columns (0.9ms)[0m   [0mSHOW FIELDS FROM `roles`[0m
Rendered trabalhados/_relatorio_tps (24.9ms)
Rendered trabalhados/_ano (0.6ms)
Completed in 10830ms (View: 43, DB: 29) | 200 OK [http://localhost/trabalhados/sel_prof]
  [4;36;1mSQL (0.1ms)[0m   [0;1mSET NAMES 'utf8'[0m
  [4;35;1mSQL (0.1ms)[0m   [0mSET SQL_AUTO_IS_NULL=0[0m


Processing TrabalhadosController#new (for 127.0.0.1 at 2012-07-03 13:18:07) [GET]
  [4;36;1mUser Columns (1.4ms)[0m   [0;1mSHOW FIELDS FROM `users`[0m
  [4;35;1mUser Load (0.1ms)[0m   [0mSELECT * FROM `users` WHERE (`users`.`id` = 1) LIMIT 1[0m
  [4;36;1mProfessor Load (2.7ms)[0m   [0;1mSELECT * FROM `professors` ORDER BY matricula[0m
  [4;35;1mCACHE (0.0ms)[0m   [0mSELECT * FROM `professors` ORDER BY matricula[0m
  [4;36;1mConfiguration Columns (1.1ms)[0m   [0;1mSHOW FIELDS FROM `configurations`[0m
  [4;35;1mConfiguration Load (0.1ms)[0m   [0mSELECT * FROM `configurations` WHERE (`configurations`.`user_id` = 1) LIMIT 1[0m
  [4;36;1mTrabalhado Columns (1.8ms)[0m   [0;1mSHOW FIELDS FROM `trabalhados`[0m
Rendering template within layouts/application
Rendering trabalhados/new
  [4;35;1mProfessor Columns (2.6ms)[0m   [0mSHOW FIELDS FROM `professors`[0m
  [4;36;1mAnnouncement Load (0.6ms)[0m   [0;1mSELECT * FROM `announcements` WHERE (starts_at <= now() AND ends_at >= now()) [0m
  [4;35;1mroles_users Columns (1.0ms)[0m   [0mSHOW FIELDS FROM `roles_users`[0m
  [4;36;1mRole Load (0.1ms)[0m   [0;1mSELECT * FROM `roles` INNER JOIN `roles_users` ON `roles`.id = `roles_users`.role_id WHERE (`roles_users`.user_id = 1 ) [0m
  [4;35;1mRole Columns (0.7ms)[0m   [0mSHOW FIELDS FROM `roles`[0m
Completed in 449ms (View: 160, DB: 13) | 200 OK [http://localhost/tempo_de_servico/novo]
  [4;36;1mSQL (0.1ms)[0m   [0;1mSET NAMES 'utf8'[0m
  [4;35;1mSQL (0.1ms)[0m   [0mSET SQL_AUTO_IS_NULL=0[0m


Processing TrabalhadosController#sel_prof (for 127.0.0.1 at 2012-07-03 13:18:13) [POST]
  Parameters: {"authenticity_token"=>"nWDq/rgKO4Vf0dU8kxKOt0VRsAF+A0E3nb4PvL3Fy5Q=", "trabalhado_professor_id"=>"1185"}
  [4;36;1mUser Columns (1.4ms)[0m   [0;1mSHOW FIELDS FROM `users`[0m
  [4;35;1mUser Load (0.1ms)[0m   [0mSELECT * FROM `users` WHERE (`users`.`id` = 1) LIMIT 1[0m
  [4;36;1mProfessor Load (2.6ms)[0m   [0;1mSELECT * FROM `professors` ORDER BY matricula[0m
  [4;35;1mCACHE (0.0ms)[0m   [0mSELECT * FROM `professors` ORDER BY matricula[0m
  [4;36;1mConfiguration Columns (1.1ms)[0m   [0;1mSHOW FIELDS FROM `configurations`[0m
  [4;35;1mConfiguration Load (0.1ms)[0m   [0mSELECT * FROM `configurations` WHERE (`configurations`.`user_id` = 1) LIMIT 1[0m
  [4;36;1mTrabalhado Columns (2.4ms)[0m   [0;1mSHOW FIELDS FROM `trabalhados`[0m
  [4;35;1mTrabalhado Load (2.6ms)[0m   [0mSELECT * FROM `trabalhados` WHERE (flag = 0 and ano_letivo = '2012') AND (`trabalhados`.`professor_id` = 1185) [0m
  [4;36;1mProfessor Columns (4.8ms)[0m   [0;1mSHOW FIELDS FROM `professors`[0m
  [4;35;1mProfessor Load (0.2ms)[0m   [0mSELECT * FROM `professors` WHERE (`professors`.`id` = 1185) [0m
  [4;36;1mAcumTrab Load (0.2ms)[0m   [0;1mSELECT * FROM `acum_trabs` WHERE (professor_id = 1185) [0m
  [4;35;1mAcumTrab Columns (3.2ms)[0m   [0mSHOW FIELDS FROM `acum_trabs`[0m
  [4;36;1mTrabalhado Load (0.2ms)[0m   [0;1mSELECT * FROM `trabalhados` WHERE (ano = 2011 and professor_id= 1185 and flag = 0) [0m
  [4;35;1mTrabalhado Load (0.1ms)[0m   [0mSELECT * FROM `trabalhados` WHERE (ano = 2012 and professor_id= 1185 and flag = 0) [0m
  [4;36;1mAcumTrab Load (0.1ms)[0m   [0;1mSELECT * FROM `acum_trabs` WHERE (professor_id= 1185) [0m
  [4;35;1mProfessor Load (0.2ms)[0m   [0mSELECT * FROM `professors` WHERE (id=1185) [0m
  [4;36;1mTrabalhado Load (0.1ms)[0m   [0;1mSELECT * FROM `trabalhados` WHERE (professor_id=1185) [0m
  [4;35;1mProfessor Load (0.2ms)[0m   [0mSELECT * FROM `professors` WHERE (`professors`.`id` = 1185) LIMIT 1[0m
  [4;36;1mTituloProfessor Load (2.1ms)[0m   [0;1mSELECT * FROM titulo_professors tp inner join titulacaos t on tp.titulo_id=t.id where tp.professor_id=1185 and t.tipo = 'PERMANENTE'[0m
  [4;35;1mTituloProfessor Load (0.1ms)[0m   [0mSELECT * FROM titulo_professors tp inner join titulacaos t on tp.titulo_id=t.id where tp.professor_id=1185 and t.tipo = 'ANUAL'[0m
  [4;36;1mTituloProfessor Load (0.1ms)[0m   [0;1mSELECT * FROM titulo_professors tp inner join titulacaos t on tp.titulo_id=t.id where tp.professor_id=1185 and t.tipo = '5 ANOS'[0m
  [4;35;1mCACHE (0.0ms)[0m   [0mSELECT * FROM `professors` WHERE (`professors`.`id` = 1185) LIMIT 1[0m
  [4;36;1mTrabalhado Load (0.2ms)[0m   [0;1mSELECT * FROM trabalhados where professor_id = 1185 and ano_letivo = 2012[0m
  [4;35;1mTrabalhado Load (0.1ms)[0m   [0mSELECT * FROM `trabalhados` WHERE (professor_id=1185 and (flag = 1 ) and ano_letivo = 2012) [0m
  [4;36;1mCACHE (0.0ms)[0m   [0;1mSELECT * FROM `acum_trabs` WHERE (professor_id = 1185) [0m
  [4;35;1mProfessor Load (0.2ms)[0m   [0mSELECT * FROM `professors` WHERE (id = 1185) [0m
Rendered trabalhados/_visualizar (4.2ms)
  [4;36;1mroles_users Columns (1.1ms)[0m   [0;1mSHOW FIELDS FROM `roles_users`[0m
  [4;35;1mRole Load (0.1ms)[0m   [0mSELECT * FROM `roles` INNER JOIN `roles_users` ON `roles`.id = `roles_users`.role_id WHERE (`roles_users`.user_id = 1 ) [0m
  [4;36;1mRole Columns (0.9ms)[0m   [0;1mSHOW FIELDS FROM `roles`[0m
Rendered trabalhados/_relatorio_tps (15.3ms)
Rendered trabalhados/_ano (14779.7ms)
Completed in 17337ms (View: 14806, DB: 25) | 200 OK [http://localhost/trabalhados/sel_prof]
  [4;35;1mSQL (0.1ms)[0m   [0mSET NAMES 'utf8'[0m
  [4;36;1mSQL (0.1ms)[0m   [0;1mSET SQL_AUTO_IS_NULL=0[0m


Processing TrabalhadosController#new (for 127.0.0.1 at 2012-07-03 13:19:49) [GET]
  [4;35;1mUser Columns (1.4ms)[0m   [0mSHOW FIELDS FROM `users`[0m
  [4;36;1mUser Load (0.1ms)[0m   [0;1mSELECT * FROM `users` WHERE (`users`.`id` = 1) LIMIT 1[0m
  [4;35;1mProfessor Load (2.6ms)[0m   [0mSELECT * FROM `professors` ORDER BY matricula[0m
  [4;36;1mCACHE (0.0ms)[0m   [0;1mSELECT * FROM `professors` ORDER BY matricula[0m
  [4;35;1mConfiguration Columns (1.0ms)[0m   [0mSHOW FIELDS FROM `configurations`[0m
  [4;36;1mConfiguration Load (0.1ms)[0m   [0;1mSELECT * FROM `configurations` WHERE (`configurations`.`user_id` = 1) LIMIT 1[0m
  [4;35;1mTrabalhado Columns (1.7ms)[0m   [0mSHOW FIELDS FROM `trabalhados`[0m
Rendering template within layouts/application
Rendering trabalhados/new
  [4;36;1mProfessor Columns (2.1ms)[0m   [0;1mSHOW FIELDS FROM `professors`[0m
  [4;35;1mAnnouncement Load (0.6ms)[0m   [0mSELECT * FROM `announcements` WHERE (starts_at <= now() AND ends_at >= now()) [0m
  [4;36;1mroles_users Columns (1.1ms)[0m   [0;1mSHOW FIELDS FROM `roles_users`[0m
  [4;35;1mRole Load (0.1ms)[0m   [0mSELECT * FROM `roles` INNER JOIN `roles_users` ON `roles`.id = `roles_users`.role_id WHERE (`roles_users`.user_id = 1 ) [0m
  [4;36;1mRole Columns (9.8ms)[0m   [0;1mSHOW FIELDS FROM `roles`[0m
Completed in 450ms (View: 271, DB: 21) | 200 OK [http://localhost/tempo_de_servico/novo]
  [4;35;1mSQL (0.1ms)[0m   [0mSET NAMES 'utf8'[0m
  [4;36;1mSQL (0.2ms)[0m   [0;1mSET SQL_AUTO_IS_NULL=0[0m


Processing HomeController#index (for 127.0.0.1 at 2012-07-04 08:59:52) [GET]
  [4;35;1mUser Columns (3.8ms)[0m   [0mSHOW FIELDS FROM `users`[0m
  [4;36;1mUser Load (0.2ms)[0m   [0;1mSELECT * FROM `users` WHERE (`users`.`id` = 1) LIMIT 1[0m
  [4;35;1mProfessor Load (3.8ms)[0m   [0mSELECT * FROM `professors` ORDER BY matricula[0m
  [4;36;1mConfiguration Columns (1.5ms)[0m   [0;1mSHOW FIELDS FROM `configurations`[0m
  [4;35;1mConfiguration Load (0.1ms)[0m   [0mSELECT * FROM `configurations` WHERE (`configurations`.`user_id` = 1) LIMIT 1[0m
Rendering template within layouts/application
Rendering home/index
  [4;36;1mAnnouncement Load (0.5ms)[0m   [0;1mSELECT * FROM `announcements` WHERE (starts_at <= now() AND ends_at >= now()) [0m
  [4;35;1mroles_users Columns (0.9ms)[0m   [0mSHOW FIELDS FROM `roles_users`[0m
  [4;36;1mRole Load (0.1ms)[0m   [0;1mSELECT * FROM `roles` INNER JOIN `roles_users` ON `roles`.id = `roles_users`.role_id WHERE (`roles_users`.user_id = 1 ) [0m
  [4;35;1mRole Columns (0.7ms)[0m   [0mSHOW FIELDS FROM `roles`[0m
Completed in 467ms (View: 244, DB: 12) | 200 OK [http://localhost/]
  [4;36;1mSQL (0.1ms)[0m   [0;1mSET NAMES 'utf8'[0m
  [4;35;1mSQL (0.1ms)[0m   [0mSET SQL_AUTO_IS_NULL=0[0m


Processing TrabalhadosController#new (for 127.0.0.1 at 2012-07-04 08:59:59) [GET]
  [4;36;1mUser Columns (1.8ms)[0m   [0;1mSHOW FIELDS FROM `users`[0m
  [4;35;1mUser Load (0.2ms)[0m   [0mSELECT * FROM `users` WHERE (`users`.`id` = 1) LIMIT 1[0m
  [4;36;1mProfessor Load (2.6ms)[0m   [0;1mSELECT * FROM `professors` ORDER BY matricula[0m
  [4;35;1mCACHE (0.0ms)[0m   [0mSELECT * FROM `professors` ORDER BY matricula[0m
  [4;36;1mConfiguration Columns (1.2ms)[0m   [0;1mSHOW FIELDS FROM `configurations`[0m
  [4;35;1mConfiguration Load (0.1ms)[0m   [0mSELECT * FROM `configurations` WHERE (`configurations`.`user_id` = 1) LIMIT 1[0m
  [4;36;1mTrabalhado Columns (1.8ms)[0m   [0;1mSHOW FIELDS FROM `trabalhados`[0m
Rendering template within layouts/application
Rendering trabalhados/new
  [4;35;1mProfessor Columns (2.1ms)[0m   [0mSHOW FIELDS FROM `professors`[0m
  [4;36;1mAnnouncement Load (0.5ms)[0m   [0;1mSELECT * FROM `announcements` WHERE (starts_at <= now() AND ends_at >= now()) [0m
  [4;35;1mroles_users Columns (0.9ms)[0m   [0mSHOW FIELDS FROM `roles_users`[0m
  [4;36;1mRole Load (0.1ms)[0m   [0;1mSELECT * FROM `roles` INNER JOIN `roles_users` ON `roles`.id = `roles_users`.role_id WHERE (`roles_users`.user_id = 1 ) [0m
  [4;35;1mRole Columns (0.7ms)[0m   [0mSHOW FIELDS FROM `roles`[0m
Completed in 458ms (View: 132, DB: 12) | 200 OK [http://localhost/tempo_de_servico/novo]
  [4;36;1mSQL (0.1ms)[0m   [0;1mSET NAMES 'utf8'[0m
  [4;35;1mSQL (0.1ms)[0m   [0mSET SQL_AUTO_IS_NULL=0[0m


Processing TrabalhadosController#sel_prof (for 127.0.0.1 at 2012-07-04 09:00:09) [POST]
  Parameters: {"authenticity_token"=>"nWDq/rgKO4Vf0dU8kxKOt0VRsAF+A0E3nb4PvL3Fy5Q=", "trabalhado_professor_id"=>"876"}
  [4;36;1mUser Columns (1.4ms)[0m   [0;1mSHOW FIELDS FROM `users`[0m
  [4;35;1mUser Load (0.1ms)[0m   [0mSELECT * FROM `users` WHERE (`users`.`id` = 1) LIMIT 1[0m
  [4;36;1mProfessor Load (2.6ms)[0m   [0;1mSELECT * FROM `professors` ORDER BY matricula[0m
  [4;35;1mCACHE (0.0ms)[0m   [0mSELECT * FROM `professors` ORDER BY matricula[0m
  [4;36;1mConfiguration Columns (1.0ms)[0m   [0;1mSHOW FIELDS FROM `configurations`[0m
  [4;35;1mConfiguration Load (0.1ms)[0m   [0mSELECT * FROM `configurations` WHERE (`configurations`.`user_id` = 1) LIMIT 1[0m
  [4;36;1mTrabalhado Columns (2.8ms)[0m   [0;1mSHOW FIELDS FROM `trabalhados`[0m
  [4;35;1mTrabalhado Load (17.4ms)[0m   [0mSELECT * FROM `trabalhados` WHERE (flag = 0 and ano_letivo = '2012') AND (`trabalhados`.`professor_id` = 876) [0m
  [4;36;1mProfessor Columns (2.8ms)[0m   [0;1mSHOW FIELDS FROM `professors`[0m
  [4;35;1mProfessor Load (19.1ms)[0m   [0mSELECT * FROM `professors` WHERE (`professors`.`id` = 876) [0m
  [4;36;1mAcumTrab Load (5.0ms)[0m   [0;1mSELECT * FROM `acum_trabs` WHERE (professor_id = 876) [0m
  [4;35;1mAcumTrab Columns (3.0ms)[0m   [0mSHOW FIELDS FROM `acum_trabs`[0m
  [4;36;1mTrabalhado Load (23.7ms)[0m   [0;1mSELECT * FROM `trabalhados` WHERE (ano = 2011 and professor_id= 876 and flag = 0) [0m
  [4;35;1mTrabalhado Load (17.9ms)[0m   [0mSELECT * FROM `trabalhados` WHERE (ano = 2012 and professor_id= 876 and flag = 0) [0m
  [4;36;1mAcumTrab Load (4.9ms)[0m   [0;1mSELECT * FROM `acum_trabs` WHERE (professor_id= 876) [0m
  [4;35;1mProfessor Load (0.4ms)[0m   [0mSELECT * FROM `professors` WHERE (id=876) [0m
  [4;36;1mTrabalhado Load (16.8ms)[0m   [0;1mSELECT * FROM `trabalhados` WHERE (professor_id=876) [0m
  [4;35;1mProfessor Load (0.6ms)[0m   [0mSELECT * FROM `professors` WHERE (`professors`.`id` = 876) LIMIT 1[0m
  [4;36;1mTituloProfessor Load (16.0ms)[0m   [0;1mSELECT * FROM titulo_professors tp inner join titulacaos t on tp.titulo_id=t.id where tp.professor_id=876 and t.tipo = 'PERMANENTE'[0m
  [4;35;1mTituloProfessor Load (15.9ms)[0m   [0mSELECT * FROM titulo_professors tp inner join titulacaos t on tp.titulo_id=t.id where tp.professor_id=876 and t.tipo = 'ANUAL'[0m
  [4;36;1mTituloProfessor Load (15.3ms)[0m   [0;1mSELECT * FROM titulo_professors tp inner join titulacaos t on tp.titulo_id=t.id where tp.professor_id=876 and t.tipo = '5 ANOS'[0m
  [4;35;1mCACHE (0.0ms)[0m   [0mSELECT * FROM `professors` WHERE (`professors`.`id` = 876) LIMIT 1[0m
  [4;36;1mTrabalhado Load (17.2ms)[0m   [0;1mSELECT * FROM trabalhados where professor_id = 876 and ano_letivo = 2012[0m
  [4;35;1mTrabalhado Load (16.7ms)[0m   [0mSELECT * FROM `trabalhados` WHERE (professor_id=876 and (flag = 1 ) and ano_letivo = 2012) [0m
  [4;36;1mCACHE (0.0ms)[0m   [0;1mSELECT * FROM `acum_trabs` WHERE (professor_id = 876) [0m
  [4;35;1mProfessor Load (0.5ms)[0m   [0mSELECT * FROM `professors` WHERE (id = 876) [0m
Rendered trabalhados/_visualizar (3.8ms)
  [4;36;1mroles_users Columns (1.1ms)[0m   [0;1mSHOW FIELDS FROM `roles_users`[0m
  [4;35;1mRole Load (0.1ms)[0m   [0mSELECT * FROM `roles` INNER JOIN `roles_users` ON `roles`.id = `roles_users`.role_id WHERE (`roles_users`.user_id = 1 ) [0m
  [4;36;1mRole Columns (0.9ms)[0m   [0;1mSHOW FIELDS FROM `roles`[0m
Rendered trabalhados/_relatorio_tps (14.1ms)
Completed in 4784ms (View: 23, DB: 204) | 200 OK [http://localhost/trabalhados/sel_prof]
  [4;35;1mSQL (0.1ms)[0m   [0mSET NAMES 'utf8'[0m
  [4;36;1mSQL (0.1ms)[0m   [0;1mSET SQL_AUTO_IS_NULL=0[0m


Processing TrabalhadosController#verifica_ano (for 127.0.0.1 at 2012-07-04 09:00:22) [POST]
  Parameters: {"authenticity_token"=>"nWDq/rgKO4Vf0dU8kxKOt0VRsAF+A0E3nb4PvL3Fy5Q=", "trabalhado_ano"=>"2012"}
  [4;35;1mUser Columns (1.5ms)[0m   [0mSHOW FIELDS FROM `users`[0m
  [4;36;1mUser Load (0.2ms)[0m   [0;1mSELECT * FROM `users` WHERE (`users`.`id` = 1) LIMIT 1[0m
  [4;35;1mProfessor Load (3.6ms)[0m   [0mSELECT * FROM `professors` ORDER BY matricula[0m
  [4;36;1mCACHE (0.0ms)[0m   [0;1mSELECT * FROM `professors` ORDER BY matricula[0m
  [4;35;1mConfiguration Columns (1.2ms)[0m   [0mSHOW FIELDS FROM `configurations`[0m
  [4;36;1mConfiguration Load (0.1ms)[0m   [0;1mSELECT * FROM `configurations` WHERE (`configurations`.`user_id` = 1) LIMIT 1[0m
  [4;35;1mTrabalhado Load (4.8ms)[0m   [0mSELECT ano FROM trabalhados where professor_id= 876 and ano = 2012 and ano_letivo = 2012[0m
Rendered trabalhados/_remocao (15.3ms)
Completed in 252ms (View: 23, DB: 12) | 200 OK [http://localhost/trabalhados/verifica_ano]
  [4;36;1mSQL (0.1ms)[0m   [0;1mSET NAMES 'utf8'[0m
  [4;35;1mSQL (0.1ms)[0m   [0mSET SQL_AUTO_IS_NULL=0[0m


Processing TrabalhadosController#create (for 127.0.0.1 at 2012-07-04 09:00:25) [POST]
  Parameters: {"authenticity_token"=>"nWDq/rgKO4Vf0dU8kxKOt0VRsAF+A0E3nb4PvL3Fy5Q=", "commit"=>"Cadastrar", "trabalhado"=>{"f_injustif"=>"0", "atestado"=>"0", "outras_ausencias"=>"0", "ano"=>"2012", "afastamento"=>"0", "lic_saude"=>"0", "f_justif"=>"0", "outro_trab"=>"0", "f_abonada"=>"0", "unidade"=>"0", "professor_id"=>"876", "dias"=>"222"}}
  [4;36;1mUser Columns (1.8ms)[0m   [0;1mSHOW FIELDS FROM `users`[0m
  [4;35;1mUser Load (0.1ms)[0m   [0mSELECT * FROM `users` WHERE (`users`.`id` = 1) LIMIT 1[0m
  [4;36;1mProfessor Load (2.7ms)[0m   [0;1mSELECT * FROM `professors` ORDER BY matricula[0m
  [4;35;1mCACHE (0.0ms)[0m   [0mSELECT * FROM `professors` ORDER BY matricula[0m
  [4;36;1mConfiguration Columns (1.0ms)[0m   [0;1mSHOW FIELDS FROM `configurations`[0m
  [4;35;1mConfiguration Load (0.1ms)[0m   [0mSELECT * FROM `configurations` WHERE (`configurations`.`user_id` = 1) LIMIT 1[0m
  [4;36;1mTrabalhado Columns (1.9ms)[0m   [0;1mSHOW FIELDS FROM `trabalhados`[0m
  [4;35;1mLog Columns (1.3ms)[0m   [0mSHOW FIELDS FROM `logs`[0m
  [4;36;1mSQL (0.1ms)[0m   [0;1mBEGIN[0m
  [4;35;1mLog Create (0.4ms)[0m   [0mINSERT INTO `logs` (`data`, `unidade_id`, `obs`, `created_at`, `updated_at`, `acumtrab_id`, `regiao_id`, `titulacao_id`, `professor_id`, `trabalhado_id`, `user_id`, `remocao_id`) VALUES('04/07/12 09:00', NULL, 'Criado tempo de serviço.Ano:2012 - Ano letivo: 2012', '2012-07-04 09:00:25', '2012-07-04 09:00:25', NULL, NULL, NULL, 876, NULL, 1, NULL)[0m
  [4;36;1mSQL (79.4ms)[0m   [0;1mCOMMIT[0m
  [4;35;1mSQL (0.1ms)[0m   [0mBEGIN[0m
  [4;36;1mSQL (0.1ms)[0m   [0;1mCOMMIT[0m
  [4;35;1mSQL (0.1ms)[0m   [0mBEGIN[0m
  [4;36;1mTrabalhado Load (12.3ms)[0m   [0;1mSELECT * FROM `trabalhados` WHERE (ano = 2011 and ano_letivo = 2012) AND (`trabalhados`.`professor_id` = 876) LIMIT 1[0m
  [4;35;1mTrabalhado Create (0.4ms)[0m   [0mINSERT INTO `trabalhados` (`atestado`, `f_injustif`, `dias_rede`, `outras_ausencias`, `ano`, `lic_saude`, `afastamento`, `dias_trab`, `outro_trab`, `f_justif`, `ano_letivo`, `call_back`, `created_at`, `dias_efetivos`, `updated_at`, `flag`, `unidade`, `f_abonada`, `dias_unidade`, `remocao`, `professor_id`, `dias`) VALUES(0, 0, 222, 0, 2012, 0, 0, 222, 0, 0, 2012, NULL, '2012-07-04 09:00:25', 222, '2012-07-04 09:00:25', 0, 0, 0, 0, NULL, 876, 222)[0m
  [4;36;1mSQL (37.6ms)[0m   [0;1mCOMMIT[0m
Redirected to http://localhost:3000/tempo_de_servico/novo
Completed in 469ms (DB: 140) | 302 Found [http://localhost/tempo_de_servico]
  [4;35;1mSQL (0.1ms)[0m   [0mSET NAMES 'utf8'[0m
  [4;36;1mSQL (0.2ms)[0m   [0;1mSET SQL_AUTO_IS_NULL=0[0m


Processing TrabalhadosController#new (for 127.0.0.1 at 2012-07-04 09:00:25) [GET]
  [4;35;1mUser Columns (1.5ms)[0m   [0mSHOW FIELDS FROM `users`[0m
  [4;36;1mUser Load (0.3ms)[0m   [0;1mSELECT * FROM `users` WHERE (`users`.`id` = 1) LIMIT 1[0m
  [4;35;1mProfessor Load (2.6ms)[0m   [0mSELECT * FROM `professors` ORDER BY matricula[0m
  [4;36;1mCACHE (0.0ms)[0m   [0;1mSELECT * FROM `professors` ORDER BY matricula[0m
  [4;35;1mConfiguration Columns (1.2ms)[0m   [0mSHOW FIELDS FROM `configurations`[0m
  [4;36;1mConfiguration Load (0.1ms)[0m   [0;1mSELECT * FROM `configurations` WHERE (`configurations`.`user_id` = 1) LIMIT 1[0m
  [4;35;1mTrabalhado Columns (1.8ms)[0m   [0mSHOW FIELDS FROM `trabalhados`[0m
Rendering template within layouts/application
Rendering trabalhados/new
  [4;36;1mProfessor Columns (2.1ms)[0m   [0;1mSHOW FIELDS FROM `professors`[0m
  [4;35;1mAnnouncement Load (0.6ms)[0m   [0mSELECT * FROM `announcements` WHERE (starts_at <= now() AND ends_at >= now()) [0m
  [4;36;1mroles_users Columns (0.9ms)[0m   [0;1mSHOW FIELDS FROM `roles_users`[0m
  [4;35;1mRole Load (0.1ms)[0m   [0mSELECT * FROM `roles` INNER JOIN `roles_users` ON `roles`.id = `roles_users`.role_id WHERE (`roles_users`.user_id = 1 ) [0m
  [4;36;1mRole Columns (0.7ms)[0m   [0;1mSHOW FIELDS FROM `roles`[0m
Completed in 419ms (View: 127, DB: 12) | 200 OK [http://localhost/tempo_de_servico/novo]
  [4;35;1mSQL (0.1ms)[0m   [0mSET NAMES 'utf8'[0m
  [4;36;1mSQL (0.1ms)[0m   [0;1mSET SQL_AUTO_IS_NULL=0[0m


Processing TrabalhadosController#sel_prof (for 127.0.0.1 at 2012-07-04 09:00:32) [POST]
  Parameters: {"authenticity_token"=>"nWDq/rgKO4Vf0dU8kxKOt0VRsAF+A0E3nb4PvL3Fy5Q=", "trabalhado_professor_id"=>"876"}
  [4;35;1mUser Columns (2.0ms)[0m   [0mSHOW FIELDS FROM `users`[0m
  [4;36;1mUser Load (0.2ms)[0m   [0;1mSELECT * FROM `users` WHERE (`users`.`id` = 1) LIMIT 1[0m
  [4;35;1mProfessor Load (2.7ms)[0m   [0mSELECT * FROM `professors` ORDER BY matricula[0m
  [4;36;1mCACHE (0.0ms)[0m   [0;1mSELECT * FROM `professors` ORDER BY matricula[0m
  [4;35;1mConfiguration Columns (1.1ms)[0m   [0mSHOW FIELDS FROM `configurations`[0m
  [4;36;1mConfiguration Load (0.1ms)[0m   [0;1mSELECT * FROM `configurations` WHERE (`configurations`.`user_id` = 1) LIMIT 1[0m
  [4;35;1mTrabalhado Columns (1.9ms)[0m   [0mSHOW FIELDS FROM `trabalhados`[0m
  [4;36;1mTrabalhado Load (17.1ms)[0m   [0;1mSELECT * FROM `trabalhados` WHERE (flag = 0 and ano_letivo = '2012') AND (`trabalhados`.`professor_id` = 876) [0m
  [4;35;1mProfessor Columns (2.8ms)[0m   [0mSHOW FIELDS FROM `professors`[0m
  [4;36;1mProfessor Load (0.2ms)[0m   [0;1mSELECT * FROM `professors` WHERE (`professors`.`id` = 876) [0m
  [4;35;1mAcumTrab Load (0.2ms)[0m   [0mSELECT * FROM `acum_trabs` WHERE (professor_id = 876) [0m
  [4;36;1mAcumTrab Columns (2.7ms)[0m   [0;1mSHOW FIELDS FROM `acum_trabs`[0m
  [4;35;1mTrabalhado Load (17.4ms)[0m   [0mSELECT * FROM `trabalhados` WHERE (ano = 2011 and professor_id= 876 and flag = 0) [0m
  [4;36;1mTrabalhado Load (16.9ms)[0m   [0;1mSELECT * FROM `trabalhados` WHERE (ano = 2012 and professor_id= 876 and flag = 0) [0m
  [4;35;1mAcumTrab Load (0.2ms)[0m   [0mSELECT * FROM `acum_trabs` WHERE (professor_id= 876) [0m
  [4;36;1mProfessor Load (0.2ms)[0m   [0;1mSELECT * FROM `professors` WHERE (id=876) [0m
  [4;35;1mTrabalhado Load (17.2ms)[0m   [0mSELECT * FROM `trabalhados` WHERE (professor_id=876) [0m
  [4;36;1mProfessor Load (0.2ms)[0m   [0;1mSELECT * FROM `professors` WHERE (`professors`.`id` = 876) LIMIT 1[0m
  [4;35;1mTituloProfessor Load (0.2ms)[0m   [0mSELECT * FROM titulo_professors tp inner join titulacaos t on tp.titulo_id=t.id where tp.professor_id=876 and t.tipo = 'PERMANENTE'[0m
  [4;36;1mTituloProfessor Load (0.1ms)[0m   [0;1mSELECT * FROM titulo_professors tp inner join titulacaos t on tp.titulo_id=t.id where tp.professor_id=876 and t.tipo = 'ANUAL'[0m
  [4;35;1mTituloProfessor Load (0.2ms)[0m   [0mSELECT * FROM titulo_professors tp inner join titulacaos t on tp.titulo_id=t.id where tp.professor_id=876 and t.tipo = '5 ANOS'[0m
  [4;36;1mCACHE (0.0ms)[0m   [0;1mSELECT * FROM `professors` WHERE (`professors`.`id` = 876) LIMIT 1[0m
  [4;35;1mTrabalhado Load (16.7ms)[0m   [0mSELECT * FROM trabalhados where professor_id = 876 and ano_letivo = 2012[0m
  [4;36;1mTrabalhado Load (22.1ms)[0m   [0;1mSELECT * FROM `trabalhados` WHERE (professor_id=876 and (flag = 1 ) and ano_letivo = 2012) [0m
  [4;35;1mCACHE (0.0ms)[0m   [0mSELECT * FROM `acum_trabs` WHERE (professor_id = 876) [0m
  [4;36;1mProfessor Load (0.2ms)[0m   [0;1mSELECT * FROM `professors` WHERE (id = 876) [0m
Rendered trabalhados/_visualizar (4.2ms)
  [4;35;1mroles_users Columns (1.2ms)[0m   [0mSHOW FIELDS FROM `roles_users`[0m
  [4;36;1mRole Load (0.1ms)[0m   [0;1mSELECT * FROM `roles` INNER JOIN `roles_users` ON `roles`.id = `roles_users`.role_id WHERE (`roles_users`.user_id = 1 ) [0m
  [4;35;1mRole Columns (0.9ms)[0m   [0mSHOW FIELDS FROM `roles`[0m
Rendered trabalhados/_relatorio_tps (16.4ms)
Completed in 417ms (View: 27, DB: 125) | 200 OK [http://localhost/trabalhados/sel_prof]
  [4;36;1mSQL (0.1ms)[0m   [0;1mSET NAMES 'utf8'[0m
  [4;35;1mSQL (0.1ms)[0m   [0mSET SQL_AUTO_IS_NULL=0[0m


Processing TrabalhadosController#index (for 127.0.0.1 at 2012-07-04 09:00:39) [GET]
  Parameters: {"professor"=>"QWevxZ876HnmJKt"}
  [4;36;1mUser Columns (1.4ms)[0m   [0;1mSHOW FIELDS FROM `users`[0m
  [4;35;1mUser Load (0.1ms)[0m   [0mSELECT * FROM `users` WHERE (`users`.`id` = 1) LIMIT 1[0m
  [4;36;1mProfessor Load (2.7ms)[0m   [0;1mSELECT * FROM `professors` ORDER BY matricula[0m
  [4;35;1mCACHE (0.0ms)[0m   [0mSELECT * FROM `professors` ORDER BY matricula[0m
  [4;36;1mConfiguration Columns (1.1ms)[0m   [0;1mSHOW FIELDS FROM `configurations`[0m
  [4;35;1mConfiguration Load (0.1ms)[0m   [0mSELECT * FROM `configurations` WHERE (`configurations`.`user_id` = 1) LIMIT 1[0m
  [4;36;1mTrabalhado Columns (2.1ms)[0m   [0;1mSHOW FIELDS FROM `trabalhados`[0m
  [4;35;1mTrabalhado Load (0.2ms)[0m   [0mSELECT * FROM `trabalhados` WHERE (flag = 0 and ano_letivo = '2012') AND (`trabalhados`.`professor_id` = 876) [0m
Rendering template within layouts/application
Rendering trabalhados/index
  [4;36;1mProfessor Columns (2.7ms)[0m   [0;1mSHOW FIELDS FROM `professors`[0m
  [4;35;1mProfessor Load (0.2ms)[0m   [0mSELECT * FROM `professors` WHERE (`professors`.`id` = 876) [0m
Rendered trabalhados/_alterar_apagar (22.0ms)
  [4;36;1mAnnouncement Load (0.7ms)[0m   [0;1mSELECT * FROM `announcements` WHERE (starts_at <= now() AND ends_at >= now()) [0m
  [4;35;1mroles_users Columns (1.1ms)[0m   [0mSHOW FIELDS FROM `roles_users`[0m
  [4;36;1mRole Load (0.1ms)[0m   [0;1mSELECT * FROM `roles` INNER JOIN `roles_users` ON `roles`.id = `roles_users`.role_id WHERE (`roles_users`.user_id = 1 ) [0m
  [4;35;1mRole Columns (4.6ms)[0m   [0mSHOW FIELDS FROM `roles`[0m
Completed in 313ms (View: 132, DB: 17) | 200 OK [http://localhost/tempo_de_servico?professor=QWevxZ876HnmJKt]
  [4;36;1mSQL (0.2ms)[0m   [0;1mSET NAMES 'utf8'[0m
  [4;35;1mSQL (0.1ms)[0m   [0mSET SQL_AUTO_IS_NULL=0[0m


Processing TrabalhadosController#edit (for 127.0.0.1 at 2012-07-04 09:00:47) [GET]
  Parameters: {"id"=>"10530"}
  [4;36;1mUser Columns (1.4ms)[0m   [0;1mSHOW FIELDS FROM `users`[0m
  [4;35;1mUser Load (0.1ms)[0m   [0mSELECT * FROM `users` WHERE (`users`.`id` = 1) LIMIT 1[0m
  [4;36;1mProfessor Load (2.6ms)[0m   [0;1mSELECT * FROM `professors` ORDER BY matricula[0m
  [4;35;1mCACHE (0.0ms)[0m   [0mSELECT * FROM `professors` ORDER BY matricula[0m
  [4;36;1mConfiguration Columns (1.1ms)[0m   [0;1mSHOW FIELDS FROM `configurations`[0m
  [4;35;1mConfiguration Load (0.1ms)[0m   [0mSELECT * FROM `configurations` WHERE (`configurations`.`user_id` = 1) LIMIT 1[0m
  [4;36;1mTrabalhado Columns (1.8ms)[0m   [0;1mSHOW FIELDS FROM `trabalhados`[0m
  [4;35;1mTrabalhado Load (0.4ms)[0m   [0mSELECT * FROM `trabalhados` WHERE (`trabalhados`.`id` = 10530) [0m
Rendering template within layouts/application
Rendering trabalhados/edit
  [4;36;1mProfessor Columns (2.2ms)[0m   [0;1mSHOW FIELDS FROM `professors`[0m
  [4;35;1mAnnouncement Load (0.5ms)[0m   [0mSELECT * FROM `announcements` WHERE (starts_at <= now() AND ends_at >= now()) [0m
  [4;36;1mroles_users Columns (1.1ms)[0m   [0;1mSHOW FIELDS FROM `roles_users`[0m
  [4;35;1mRole Load (0.1ms)[0m   [0mSELECT * FROM `roles` INNER JOIN `roles_users` ON `roles`.id = `roles_users`.role_id WHERE (`roles_users`.user_id = 1 ) [0m
  [4;36;1mRole Columns (0.7ms)[0m   [0;1mSHOW FIELDS FROM `roles`[0m
Completed in 398ms (View: 123, DB: 12) | 200 OK [http://localhost/tempo_de_servico/10530/alterar]
  [4;35;1mSQL (0.1ms)[0m   [0mSET NAMES 'utf8'[0m
  [4;36;1mSQL (0.1ms)[0m   [0;1mSET SQL_AUTO_IS_NULL=0[0m


Processing TrabalhadosController#edit (for 127.0.0.1 at 2012-07-04 09:04:45) [GET]
  Parameters: {"id"=>"10530"}
  [4;35;1mUser Columns (1.4ms)[0m   [0mSHOW FIELDS FROM `users`[0m
  [4;36;1mUser Load (0.2ms)[0m   [0;1mSELECT * FROM `users` WHERE (`users`.`id` = 1) LIMIT 1[0m
  [4;35;1mProfessor Load (2.7ms)[0m   [0mSELECT * FROM `professors` ORDER BY matricula[0m
  [4;36;1mCACHE (0.0ms)[0m   [0;1mSELECT * FROM `professors` ORDER BY matricula[0m
  [4;35;1mConfiguration Columns (1.4ms)[0m   [0mSHOW FIELDS FROM `configurations`[0m
  [4;36;1mConfiguration Load (0.2ms)[0m   [0;1mSELECT * FROM `configurations` WHERE (`configurations`.`user_id` = 1) LIMIT 1[0m
  [4;35;1mTrabalhado Columns (2.4ms)[0m   [0mSHOW FIELDS FROM `trabalhados`[0m
  [4;36;1mTrabalhado Load (0.1ms)[0m   [0;1mSELECT * FROM `trabalhados` WHERE (`trabalhados`.`id` = 10530) [0m
Rendering template within layouts/application
Rendering trabalhados/edit
  [4;35;1mProfessor Columns (2.3ms)[0m   [0mSHOW FIELDS FROM `professors`[0m
  [4;36;1mAnnouncement Load (0.6ms)[0m   [0;1mSELECT * FROM `announcements` WHERE (starts_at <= now() AND ends_at >= now()) [0m
  [4;35;1mroles_users Columns (1.1ms)[0m   [0mSHOW FIELDS FROM `roles_users`[0m
  [4;36;1mRole Load (0.1ms)[0m   [0;1mSELECT * FROM `roles` INNER JOIN `roles_users` ON `roles`.id = `roles_users`.role_id WHERE (`roles_users`.user_id = 1 ) [0m
  [4;35;1mRole Columns (0.9ms)[0m   [0mSHOW FIELDS FROM `roles`[0m
Completed in 367ms (View: 159, DB: 13) | 200 OK [http://localhost/tempo_de_servico/10530/alterar]
  [4;36;1mSQL (0.1ms)[0m   [0;1mSET NAMES 'utf8'[0m
  [4;35;1mSQL (0.1ms)[0m   [0mSET SQL_AUTO_IS_NULL=0[0m


Processing TrabalhadosController#edit (for 127.0.0.1 at 2012-07-04 09:05:34) [GET]
  Parameters: {"id"=>"10530"}
  [4;36;1mUser Columns (1.8ms)[0m   [0;1mSHOW FIELDS FROM `users`[0m
  [4;35;1mUser Load (0.2ms)[0m   [0mSELECT * FROM `users` WHERE (`users`.`id` = 1) LIMIT 1[0m
  [4;36;1mProfessor Load (3.6ms)[0m   [0;1mSELECT * FROM `professors` ORDER BY matricula[0m
  [4;35;1mCACHE (0.0ms)[0m   [0mSELECT * FROM `professors` ORDER BY matricula[0m
  [4;36;1mConfiguration Columns (1.1ms)[0m   [0;1mSHOW FIELDS FROM `configurations`[0m
  [4;35;1mConfiguration Load (0.1ms)[0m   [0mSELECT * FROM `configurations` WHERE (`configurations`.`user_id` = 1) LIMIT 1[0m
  [4;36;1mTrabalhado Columns (1.7ms)[0m   [0;1mSHOW FIELDS FROM `trabalhados`[0m
  [4;35;1mTrabalhado Load (0.1ms)[0m   [0mSELECT * FROM `trabalhados` WHERE (`trabalhados`.`id` = 10530) [0m
Rendering template within layouts/application
Rendering trabalhados/edit
  [4;36;1mProfessor Columns (2.2ms)[0m   [0;1mSHOW FIELDS FROM `professors`[0m
  [4;35;1mAnnouncement Load (0.5ms)[0m   [0mSELECT * FROM `announcements` WHERE (starts_at <= now() AND ends_at >= now()) [0m
  [4;36;1mroles_users Columns (0.8ms)[0m   [0;1mSHOW FIELDS FROM `roles_users`[0m
  [4;35;1mRole Load (0.1ms)[0m   [0mSELECT * FROM `roles` INNER JOIN `roles_users` ON `roles`.id = `roles_users`.role_id WHERE (`roles_users`.user_id = 1 ) [0m
  [4;36;1mRole Columns (0.6ms)[0m   [0;1mSHOW FIELDS FROM `roles`[0m
Completed in 450ms (View: 132, DB: 13) | 200 OK [http://localhost/tempo_de_servico/10530/alterar]
  [4;35;1mSQL (0.1ms)[0m   [0mSET NAMES 'utf8'[0m
  [4;36;1mSQL (0.1ms)[0m   [0;1mSET SQL_AUTO_IS_NULL=0[0m


Processing TrabalhadosController#edit (for 127.0.0.1 at 2012-07-04 09:06:06) [GET]
  Parameters: {"id"=>"10530"}
  [4;35;1mUser Columns (1.6ms)[0m   [0mSHOW FIELDS FROM `users`[0m
  [4;36;1mUser Load (0.3ms)[0m   [0;1mSELECT * FROM `users` WHERE (`users`.`id` = 1) LIMIT 1[0m
  [4;35;1mProfessor Load (2.8ms)[0m   [0mSELECT * FROM `professors` ORDER BY matricula[0m
  [4;36;1mCACHE (0.0ms)[0m   [0;1mSELECT * FROM `professors` ORDER BY matricula[0m
  [4;35;1mConfiguration Columns (1.1ms)[0m   [0mSHOW FIELDS FROM `configurations`[0m
  [4;36;1mConfiguration Load (0.1ms)[0m   [0;1mSELECT * FROM `configurations` WHERE (`configurations`.`user_id` = 1) LIMIT 1[0m
  [4;35;1mTrabalhado Columns (1.8ms)[0m   [0mSHOW FIELDS FROM `trabalhados`[0m
  [4;36;1mTrabalhado Load (0.1ms)[0m   [0;1mSELECT * FROM `trabalhados` WHERE (`trabalhados`.`id` = 10530) [0m
Rendering template within layouts/application
Rendering trabalhados/edit
  [4;35;1mProfessor Columns (2.1ms)[0m   [0mSHOW FIELDS FROM `professors`[0m
  [4;36;1mAnnouncement Load (0.5ms)[0m   [0;1mSELECT * FROM `announcements` WHERE (starts_at <= now() AND ends_at >= now()) [0m
  [4;35;1mroles_users Columns (1.1ms)[0m   [0mSHOW FIELDS FROM `roles_users`[0m
  [4;36;1mRole Load (0.1ms)[0m   [0;1mSELECT * FROM `roles` INNER JOIN `roles_users` ON `roles`.id = `roles_users`.role_id WHERE (`roles_users`.user_id = 1 ) [0m
  [4;35;1mRole Columns (0.7ms)[0m   [0mSHOW FIELDS FROM `roles`[0m
Completed in 389ms (View: 216, DB: 13) | 200 OK [http://localhost/tempo_de_servico/10530/alterar]
  [4;36;1mSQL (0.2ms)[0m   [0;1mSET NAMES 'utf8'[0m
  [4;35;1mSQL (0.1ms)[0m   [0mSET SQL_AUTO_IS_NULL=0[0m


Processing TrabalhadosController#edit (for 127.0.0.1 at 2012-07-04 09:09:35) [GET]
  Parameters: {"id"=>"10530"}
  [4;36;1mUser Columns (2.1ms)[0m   [0;1mSHOW FIELDS FROM `users`[0m
  [4;35;1mUser Load (0.2ms)[0m   [0mSELECT * FROM `users` WHERE (`users`.`id` = 1) LIMIT 1[0m
  [4;36;1mProfessor Load (3.6ms)[0m   [0;1mSELECT * FROM `professors` ORDER BY matricula[0m
  [4;35;1mCACHE (0.0ms)[0m   [0mSELECT * FROM `professors` ORDER BY matricula[0m
  [4;36;1mConfiguration Columns (1.1ms)[0m   [0;1mSHOW FIELDS FROM `configurations`[0m
  [4;35;1mConfiguration Load (0.1ms)[0m   [0mSELECT * FROM `configurations` WHERE (`configurations`.`user_id` = 1) LIMIT 1[0m
  [4;36;1mTrabalhado Columns (1.8ms)[0m   [0;1mSHOW FIELDS FROM `trabalhados`[0m
  [4;35;1mTrabalhado Load (0.1ms)[0m   [0mSELECT * FROM `trabalhados` WHERE (`trabalhados`.`id` = 10530) [0m
Rendering template within layouts/application
Rendering trabalhados/edit
  [4;36;1mProfessor Columns (2.2ms)[0m   [0;1mSHOW FIELDS FROM `professors`[0m
  [4;35;1mAnnouncement Load (0.7ms)[0m   [0mSELECT * FROM `announcements` WHERE (starts_at <= now() AND ends_at >= now()) [0m
  [4;36;1mroles_users Columns (1.3ms)[0m   [0;1mSHOW FIELDS FROM `roles_users`[0m
  [4;35;1mRole Load (0.2ms)[0m   [0mSELECT * FROM `roles` INNER JOIN `roles_users` ON `roles`.id = `roles_users`.role_id WHERE (`roles_users`.user_id = 1 ) [0m
  [4;36;1mRole Columns (1.0ms)[0m   [0;1mSHOW FIELDS FROM `roles`[0m
Completed in 574ms (View: 161, DB: 15) | 200 OK [http://localhost/tempo_de_servico/10530/alterar]
  [4;35;1mSQL (0.1ms)[0m   [0mSET NAMES 'utf8'[0m
  [4;36;1mSQL (0.1ms)[0m   [0;1mSET SQL_AUTO_IS_NULL=0[0m


Processing TrabalhadosController#edit (for 127.0.0.1 at 2012-07-04 09:09:53) [GET]
  Parameters: {"id"=>"10530"}
  [4;35;1mUser Columns (1.4ms)[0m   [0mSHOW FIELDS FROM `users`[0m
  [4;36;1mUser Load (0.1ms)[0m   [0;1mSELECT * FROM `users` WHERE (`users`.`id` = 1) LIMIT 1[0m
  [4;35;1mProfessor Load (2.6ms)[0m   [0mSELECT * FROM `professors` ORDER BY matricula[0m
  [4;36;1mCACHE (0.0ms)[0m   [0;1mSELECT * FROM `professors` ORDER BY matricula[0m
  [4;35;1mConfiguration Columns (1.1ms)[0m   [0mSHOW FIELDS FROM `configurations`[0m
  [4;36;1mConfiguration Load (0.1ms)[0m   [0;1mSELECT * FROM `configurations` WHERE (`configurations`.`user_id` = 1) LIMIT 1[0m
  [4;35;1mTrabalhado Columns (1.8ms)[0m   [0mSHOW FIELDS FROM `trabalhados`[0m
  [4;36;1mTrabalhado Load (0.1ms)[0m   [0;1mSELECT * FROM `trabalhados` WHERE (`trabalhados`.`id` = 10530) [0m
Rendering template within layouts/application
Rendering trabalhados/edit
  [4;35;1mProfessor Columns (2.2ms)[0m   [0mSHOW FIELDS FROM `professors`[0m
  [4;36;1mAnnouncement Load (0.5ms)[0m   [0;1mSELECT * FROM `announcements` WHERE (starts_at <= now() AND ends_at >= now()) [0m
  [4;35;1mroles_users Columns (0.9ms)[0m   [0mSHOW FIELDS FROM `roles_users`[0m
  [4;36;1mRole Load (0.1ms)[0m   [0;1mSELECT * FROM `roles` INNER JOIN `roles_users` ON `roles`.id = `roles_users`.role_id WHERE (`roles_users`.user_id = 1 ) [0m
  [4;35;1mRole Columns (0.7ms)[0m   [0mSHOW FIELDS FROM `roles`[0m
Completed in 403ms (View: 224, DB: 12) | 200 OK [http://localhost/tempo_de_servico/10530/alterar]
  [4;36;1mSQL (0.1ms)[0m   [0;1mSET NAMES 'utf8'[0m
  [4;35;1mSQL (0.1ms)[0m   [0mSET SQL_AUTO_IS_NULL=0[0m


Processing TrabalhadosController#edit (for 127.0.0.1 at 2012-07-04 09:11:03) [GET]
  Parameters: {"id"=>"10530"}
  [4;36;1mUser Columns (1.4ms)[0m   [0;1mSHOW FIELDS FROM `users`[0m
  [4;35;1mUser Load (0.1ms)[0m   [0mSELECT * FROM `users` WHERE (`users`.`id` = 1) LIMIT 1[0m
  [4;36;1mProfessor Load (2.6ms)[0m   [0;1mSELECT * FROM `professors` ORDER BY matricula[0m
  [4;35;1mCACHE (0.0ms)[0m   [0mSELECT * FROM `professors` ORDER BY matricula[0m
  [4;36;1mConfiguration Columns (1.2ms)[0m   [0;1mSHOW FIELDS FROM `configurations`[0m
  [4;35;1mConfiguration Load (0.1ms)[0m   [0mSELECT * FROM `configurations` WHERE (`configurations`.`user_id` = 1) LIMIT 1[0m
  [4;36;1mTrabalhado Columns (1.8ms)[0m   [0;1mSHOW FIELDS FROM `trabalhados`[0m
  [4;35;1mTrabalhado Load (0.1ms)[0m   [0mSELECT * FROM `trabalhados` WHERE (`trabalhados`.`id` = 10530) [0m
Rendering template within layouts/application
Rendering trabalhados/edit
  [4;36;1mProfessor Columns (2.2ms)[0m   [0;1mSHOW FIELDS FROM `professors`[0m
  [4;35;1mAnnouncement Load (0.4ms)[0m   [0mSELECT * FROM `announcements` WHERE (starts_at <= now() AND ends_at >= now()) [0m
  [4;36;1mroles_users Columns (0.9ms)[0m   [0;1mSHOW FIELDS FROM `roles_users`[0m
  [4;35;1mRole Load (0.1ms)[0m   [0mSELECT * FROM `roles` INNER JOIN `roles_users` ON `roles`.id = `roles_users`.role_id WHERE (`roles_users`.user_id = 1 ) [0m
  [4;36;1mRole Columns (0.7ms)[0m   [0;1mSHOW FIELDS FROM `roles`[0m
Completed in 438ms (View: 131, DB: 12) | 200 OK [http://localhost/tempo_de_servico/10530/alterar]
  [4;35;1mSQL (0.1ms)[0m   [0mSET NAMES 'utf8'[0m
  [4;36;1mSQL (0.1ms)[0m   [0;1mSET SQL_AUTO_IS_NULL=0[0m


Processing TrabalhadosController#edit (for 127.0.0.1 at 2012-07-04 09:11:43) [GET]
  Parameters: {"id"=>"10530"}
  [4;35;1mUser Columns (1.4ms)[0m   [0mSHOW FIELDS FROM `users`[0m
  [4;36;1mUser Load (0.1ms)[0m   [0;1mSELECT * FROM `users` WHERE (`users`.`id` = 1) LIMIT 1[0m
  [4;35;1mProfessor Load (2.8ms)[0m   [0mSELECT * FROM `professors` ORDER BY matricula[0m
  [4;36;1mCACHE (0.0ms)[0m   [0;1mSELECT * FROM `professors` ORDER BY matricula[0m
  [4;35;1mConfiguration Columns (1.0ms)[0m   [0mSHOW FIELDS FROM `configurations`[0m
  [4;36;1mConfiguration Load (0.1ms)[0m   [0;1mSELECT * FROM `configurations` WHERE (`configurations`.`user_id` = 1) LIMIT 1[0m
  [4;35;1mTrabalhado Columns (1.9ms)[0m   [0mSHOW FIELDS FROM `trabalhados`[0m
  [4;36;1mTrabalhado Load (0.1ms)[0m   [0;1mSELECT * FROM `trabalhados` WHERE (`trabalhados`.`id` = 10530) [0m
Rendering template within layouts/application
Rendering trabalhados/edit
  [4;35;1mProfessor Columns (2.1ms)[0m   [0mSHOW FIELDS FROM `professors`[0m
  [4;36;1mAnnouncement Load (0.5ms)[0m   [0;1mSELECT * FROM `announcements` WHERE (starts_at <= now() AND ends_at >= now()) [0m
  [4;35;1mroles_users Columns (0.8ms)[0m   [0mSHOW FIELDS FROM `roles_users`[0m
  [4;36;1mRole Load (2.9ms)[0m   [0;1mSELECT * FROM `roles` INNER JOIN `roles_users` ON `roles`.id = `roles_users`.role_id WHERE (`roles_users`.user_id = 1 ) [0m
  [4;35;1mRole Columns (0.8ms)[0m   [0mSHOW FIELDS FROM `roles`[0m
Completed in 404ms (View: 223, DB: 15) | 200 OK [http://localhost/tempo_de_servico/10530/alterar]
  [4;36;1mSQL (0.1ms)[0m   [0;1mSET NAMES 'utf8'[0m
  [4;35;1mSQL (0.1ms)[0m   [0mSET SQL_AUTO_IS_NULL=0[0m


Processing TrabalhadosController#edit (for 127.0.0.1 at 2012-07-04 09:12:01) [GET]
  Parameters: {"id"=>"10530"}
  [4;36;1mUser Columns (1.9ms)[0m   [0;1mSHOW FIELDS FROM `users`[0m
  [4;35;1mUser Load (0.2ms)[0m   [0mSELECT * FROM `users` WHERE (`users`.`id` = 1) LIMIT 1[0m
  [4;36;1mProfessor Load (3.7ms)[0m   [0;1mSELECT * FROM `professors` ORDER BY matricula[0m
  [4;35;1mCACHE (0.0ms)[0m   [0mSELECT * FROM `professors` ORDER BY matricula[0m
  [4;36;1mConfiguration Columns (1.1ms)[0m   [0;1mSHOW FIELDS FROM `configurations`[0m
  [4;35;1mConfiguration Load (0.1ms)[0m   [0mSELECT * FROM `configurations` WHERE (`configurations`.`user_id` = 1) LIMIT 1[0m
  [4;36;1mTrabalhado Columns (1.8ms)[0m   [0;1mSHOW FIELDS FROM `trabalhados`[0m
  [4;35;1mTrabalhado Load (0.1ms)[0m   [0mSELECT * FROM `trabalhados` WHERE (`trabalhados`.`id` = 10530) [0m
Rendering template within layouts/application
Rendering trabalhados/edit
  [4;36;1mProfessor Columns (2.9ms)[0m   [0;1mSHOW FIELDS FROM `professors`[0m
  [4;35;1mAnnouncement Load (0.5ms)[0m   [0mSELECT * FROM `announcements` WHERE (starts_at <= now() AND ends_at >= now()) [0m
  [4;36;1mroles_users Columns (6.6ms)[0m   [0;1mSHOW FIELDS FROM `roles_users`[0m
  [4;35;1mRole Load (0.1ms)[0m   [0mSELECT * FROM `roles` INNER JOIN `roles_users` ON `roles`.id = `roles_users`.role_id WHERE (`roles_users`.user_id = 1 ) [0m
  [4;36;1mRole Columns (0.7ms)[0m   [0;1mSHOW FIELDS FROM `roles`[0m
Completed in 601ms (View: 194, DB: 20) | 200 OK [http://localhost/tempo_de_servico/10530/alterar]
  [4;35;1mSQL (0.2ms)[0m   [0mSET NAMES 'utf8'[0m
  [4;36;1mSQL (0.1ms)[0m   [0;1mSET SQL_AUTO_IS_NULL=0[0m


Processing TrabalhadosController#edit (for 127.0.0.1 at 2012-07-04 09:12:28) [GET]
  Parameters: {"id"=>"10530"}
  [4;35;1mUser Columns (2.8ms)[0m   [0mSHOW FIELDS FROM `users`[0m
  [4;36;1mUser Load (0.2ms)[0m   [0;1mSELECT * FROM `users` WHERE (`users`.`id` = 1) LIMIT 1[0m
  [4;35;1mProfessor Load (3.7ms)[0m   [0mSELECT * FROM `professors` ORDER BY matricula[0m
  [4;36;1mCACHE (0.0ms)[0m   [0;1mSELECT * FROM `professors` ORDER BY matricula[0m
  [4;35;1mConfiguration Columns (3.2ms)[0m   [0mSHOW FIELDS FROM `configurations`[0m
  [4;36;1mConfiguration Load (0.1ms)[0m   [0;1mSELECT * FROM `configurations` WHERE (`configurations`.`user_id` = 1) LIMIT 1[0m
  [4;35;1mTrabalhado Columns (1.8ms)[0m   [0mSHOW FIELDS FROM `trabalhados`[0m
  [4;36;1mTrabalhado Load (0.1ms)[0m   [0;1mSELECT * FROM `trabalhados` WHERE (`trabalhados`.`id` = 10530) [0m
Rendering template within layouts/application
Rendering trabalhados/edit
  [4;35;1mProfessor Columns (2.1ms)[0m   [0mSHOW FIELDS FROM `professors`[0m
  [4;36;1mAnnouncement Load (0.6ms)[0m   [0;1mSELECT * FROM `announcements` WHERE (starts_at <= now() AND ends_at >= now()) [0m
  [4;35;1mroles_users Columns (0.9ms)[0m   [0mSHOW FIELDS FROM `roles_users`[0m
  [4;36;1mRole Load (0.1ms)[0m   [0;1mSELECT * FROM `roles` INNER JOIN `roles_users` ON `roles`.id = `roles_users`.role_id WHERE (`roles_users`.user_id = 1 ) [0m
  [4;35;1mRole Columns (0.7ms)[0m   [0mSHOW FIELDS FROM `roles`[0m
Completed in 422ms (View: 221, DB: 16) | 200 OK [http://localhost/tempo_de_servico/10530/alterar]
  [4;36;1mSQL (0.2ms)[0m   [0;1mSET NAMES 'utf8'[0m
  [4;35;1mSQL (0.1ms)[0m   [0mSET SQL_AUTO_IS_NULL=0[0m


Processing TrabalhadosController#edit (for 127.0.0.1 at 2012-07-04 09:17:05) [GET]
  Parameters: {"id"=>"10530"}
  [4;36;1mUser Columns (1.9ms)[0m   [0;1mSHOW FIELDS FROM `users`[0m
  [4;35;1mUser Load (0.2ms)[0m   [0mSELECT * FROM `users` WHERE (`users`.`id` = 1) LIMIT 1[0m
  [4;36;1mProfessor Load (3.7ms)[0m   [0;1mSELECT * FROM `professors` ORDER BY matricula[0m
  [4;35;1mCACHE (0.0ms)[0m   [0mSELECT * FROM `professors` ORDER BY matricula[0m
  [4;36;1mConfiguration Columns (1.0ms)[0m   [0;1mSHOW FIELDS FROM `configurations`[0m
  [4;35;1mConfiguration Load (0.1ms)[0m   [0mSELECT * FROM `configurations` WHERE (`configurations`.`user_id` = 1) LIMIT 1[0m
  [4;36;1mTrabalhado Columns (1.7ms)[0m   [0;1mSHOW FIELDS FROM `trabalhados`[0m
  [4;35;1mTrabalhado Load (0.1ms)[0m   [0mSELECT * FROM `trabalhados` WHERE (`trabalhados`.`id` = 10530) [0m
Rendering template within layouts/application
Rendering trabalhados/edit
  [4;36;1mProfessor Columns (3.0ms)[0m   [0;1mSHOW FIELDS FROM `professors`[0m
  [4;35;1mAnnouncement Load (0.4ms)[0m   [0mSELECT * FROM `announcements` WHERE (starts_at <= now() AND ends_at >= now()) [0m
  [4;36;1mroles_users Columns (0.8ms)[0m   [0;1mSHOW FIELDS FROM `roles_users`[0m
  [4;35;1mRole Load (0.1ms)[0m   [0mSELECT * FROM `roles` INNER JOIN `roles_users` ON `roles`.id = `roles_users`.role_id WHERE (`roles_users`.user_id = 1 ) [0m
  [4;36;1mRole Columns (0.8ms)[0m   [0;1mSHOW FIELDS FROM `roles`[0m
Completed in 538ms (View: 143, DB: 14) | 200 OK [http://localhost/tempo_de_servico/10530/alterar]
  [4;35;1mSQL (0.2ms)[0m   [0mSET NAMES 'utf8'[0m
  [4;36;1mSQL (0.1ms)[0m   [0;1mSET SQL_AUTO_IS_NULL=0[0m


Processing TrabalhadosController#index (for 127.0.0.1 at 2012-07-04 09:17:26) [GET]
  Parameters: {"professor"=>"QWevxZ876HnmJKt"}
  [4;35;1mUser Columns (2.0ms)[0m   [0mSHOW FIELDS FROM `users`[0m
  [4;36;1mUser Load (0.2ms)[0m   [0;1mSELECT * FROM `users` WHERE (`users`.`id` = 1) LIMIT 1[0m
  [4;35;1mProfessor Load (3.8ms)[0m   [0mSELECT * FROM `professors` ORDER BY matricula[0m
  [4;36;1mCACHE (0.0ms)[0m   [0;1mSELECT * FROM `professors` ORDER BY matricula[0m
  [4;35;1mConfiguration Columns (1.4ms)[0m   [0mSHOW FIELDS FROM `configurations`[0m
  [4;36;1mConfiguration Load (0.1ms)[0m   [0;1mSELECT * FROM `configurations` WHERE (`configurations`.`user_id` = 1) LIMIT 1[0m
  [4;35;1mTrabalhado Columns (2.4ms)[0m   [0mSHOW FIELDS FROM `trabalhados`[0m
  [4;36;1mTrabalhado Load (0.2ms)[0m   [0;1mSELECT * FROM `trabalhados` WHERE (flag = 0 and ano_letivo = '2012') AND (`trabalhados`.`professor_id` = 876) [0m
Rendering template within layouts/application
Rendering trabalhados/index
  [4;35;1mProfessor Columns (2.8ms)[0m   [0mSHOW FIELDS FROM `professors`[0m
  [4;36;1mProfessor Load (0.2ms)[0m   [0;1mSELECT * FROM `professors` WHERE (`professors`.`id` = 876) [0m
Rendered trabalhados/_alterar_apagar (17.6ms)
  [4;35;1mAnnouncement Load (0.5ms)[0m   [0mSELECT * FROM `announcements` WHERE (starts_at <= now() AND ends_at >= now()) [0m
  [4;36;1mroles_users Columns (0.9ms)[0m   [0;1mSHOW FIELDS FROM `roles_users`[0m
  [4;35;1mRole Load (0.1ms)[0m   [0mSELECT * FROM `roles` INNER JOIN `roles_users` ON `roles`.id = `roles_users`.role_id WHERE (`roles_users`.user_id = 1 ) [0m
  [4;36;1mRole Columns (0.7ms)[0m   [0;1mSHOW FIELDS FROM `roles`[0m
Completed in 441ms (View: 202, DB: 16) | 200 OK [http://localhost/tempo_de_servico?professor=QWevxZ876HnmJKt]
  [4;35;1mSQL (1.4ms)[0m   [0mSET NAMES 'utf8'[0m
  [4;36;1mSQL (0.1ms)[0m   [0;1mSET SQL_AUTO_IS_NULL=0[0m


Processing TrabalhadosController#index (for 127.0.0.1 at 2012-07-04 09:19:28) [GET]
  Parameters: {"professor"=>"QWevxZ876HnmJKt"}
  [4;35;1mUser Columns (1.6ms)[0m   [0mSHOW FIELDS FROM `users`[0m
  [4;36;1mUser Load (0.1ms)[0m   [0;1mSELECT * FROM `users` WHERE (`users`.`id` = 1) LIMIT 1[0m
  [4;35;1mProfessor Load (2.6ms)[0m   [0mSELECT * FROM `professors` ORDER BY matricula[0m
  [4;36;1mCACHE (0.0ms)[0m   [0;1mSELECT * FROM `professors` ORDER BY matricula[0m
  [4;35;1mConfiguration Columns (1.3ms)[0m   [0mSHOW FIELDS FROM `configurations`[0m
  [4;36;1mConfiguration Load (0.1ms)[0m   [0;1mSELECT * FROM `configurations` WHERE (`configurations`.`user_id` = 1) LIMIT 1[0m
  [4;35;1mTrabalhado Columns (2.0ms)[0m   [0mSHOW FIELDS FROM `trabalhados`[0m
  [4;36;1mTrabalhado Load (0.1ms)[0m   [0;1mSELECT * FROM `trabalhados` WHERE (flag = 0 and ano_letivo = '2012') AND (`trabalhados`.`professor_id` = 876) [0m
Rendering template within layouts/application
Rendering trabalhados/index
  [4;35;1mProfessor Columns (2.2ms)[0m   [0mSHOW FIELDS FROM `professors`[0m
  [4;36;1mProfessor Load (0.1ms)[0m   [0;1mSELECT * FROM `professors` WHERE (`professors`.`id` = 876) [0m
Rendered trabalhados/_alterar_apagar (14.1ms)
  [4;35;1mAnnouncement Load (0.6ms)[0m   [0mSELECT * FROM `announcements` WHERE (starts_at <= now() AND ends_at >= now()) [0m
  [4;36;1mroles_users Columns (0.9ms)[0m   [0;1mSHOW FIELDS FROM `roles_users`[0m
  [4;35;1mRole Load (0.1ms)[0m   [0mSELECT * FROM `roles` INNER JOIN `roles_users` ON `roles`.id = `roles_users`.role_id WHERE (`roles_users`.user_id = 1 ) [0m
  [4;36;1mRole Columns (0.7ms)[0m   [0;1mSHOW FIELDS FROM `roles`[0m
Completed in 413ms (View: 82, DB: 14) | 200 OK [http://localhost/tempo_de_servico?professor=QWevxZ876HnmJKt]
  [4;35;1mSQL (0.1ms)[0m   [0mSET NAMES 'utf8'[0m
  [4;36;1mSQL (0.1ms)[0m   [0;1mSET SQL_AUTO_IS_NULL=0[0m


Processing TrabalhadosController#index (for 127.0.0.1 at 2012-07-04 09:21:16) [GET]
  Parameters: {"professor"=>"QWevxZ876HnmJKt"}
  [4;35;1mUser Columns (1.6ms)[0m   [0mSHOW FIELDS FROM `users`[0m
  [4;36;1mUser Load (0.1ms)[0m   [0;1mSELECT * FROM `users` WHERE (`users`.`id` = 1) LIMIT 1[0m
  [4;35;1mProfessor Load (2.6ms)[0m   [0mSELECT * FROM `professors` ORDER BY matricula[0m
  [4;36;1mCACHE (0.0ms)[0m   [0;1mSELECT * FROM `professors` ORDER BY matricula[0m
  [4;35;1mConfiguration Columns (1.0ms)[0m   [0mSHOW FIELDS FROM `configurations`[0m
  [4;36;1mConfiguration Load (0.1ms)[0m   [0;1mSELECT * FROM `configurations` WHERE (`configurations`.`user_id` = 1) LIMIT 1[0m
  [4;35;1mTrabalhado Columns (1.8ms)[0m   [0mSHOW FIELDS FROM `trabalhados`[0m
  [4;36;1mTrabalhado Load (0.2ms)[0m   [0;1mSELECT * FROM `trabalhados` WHERE (flag = 0 and ano_letivo = '2012') AND (`trabalhados`.`professor_id` = 876) [0m
Rendering template within layouts/application
Rendering trabalhados/index
  [4;35;1mProfessor Columns (2.9ms)[0m   [0mSHOW FIELDS FROM `professors`[0m
  [4;36;1mProfessor Load (0.2ms)[0m   [0;1mSELECT * FROM `professors` WHERE (`professors`.`id` = 876) [0m
Rendered trabalhados/_alterar_apagar (15.3ms)
  [4;35;1mAnnouncement Load (0.4ms)[0m   [0mSELECT * FROM `announcements` WHERE (starts_at <= now() AND ends_at >= now()) [0m
  [4;36;1mroles_users Columns (0.8ms)[0m   [0;1mSHOW FIELDS FROM `roles_users`[0m
  [4;35;1mRole Load (0.1ms)[0m   [0mSELECT * FROM `roles` INNER JOIN `roles_users` ON `roles`.id = `roles_users`.role_id WHERE (`roles_users`.user_id = 1 ) [0m
  [4;36;1mRole Columns (0.6ms)[0m   [0;1mSHOW FIELDS FROM `roles`[0m
Completed in 272ms (View: 84, DB: 13) | 200 OK [http://localhost/tempo_de_servico?professor=QWevxZ876HnmJKt]
  [4;35;1mSQL (0.1ms)[0m   [0mSET NAMES 'utf8'[0m
  [4;36;1mSQL (0.1ms)[0m   [0;1mSET SQL_AUTO_IS_NULL=0[0m


Processing TrabalhadosController#index (for 127.0.0.1 at 2012-07-04 09:21:50) [GET]
  Parameters: {"professor"=>"QWevxZ876HnmJKt"}
  [4;35;1mUser Columns (2.0ms)[0m   [0mSHOW FIELDS FROM `users`[0m
  [4;36;1mUser Load (0.2ms)[0m   [0;1mSELECT * FROM `users` WHERE (`users`.`id` = 1) LIMIT 1[0m
  [4;35;1mProfessor Load (3.7ms)[0m   [0mSELECT * FROM `professors` ORDER BY matricula[0m
  [4;36;1mCACHE (0.0ms)[0m   [0;1mSELECT * FROM `professors` ORDER BY matricula[0m
  [4;35;1mConfiguration Columns (1.0ms)[0m   [0mSHOW FIELDS FROM `configurations`[0m
  [4;36;1mConfiguration Load (0.1ms)[0m   [0;1mSELECT * FROM `configurations` WHERE (`configurations`.`user_id` = 1) LIMIT 1[0m
  [4;35;1mTrabalhado Columns (1.8ms)[0m   [0mSHOW FIELDS FROM `trabalhados`[0m
  [4;36;1mTrabalhado Load (0.1ms)[0m   [0;1mSELECT * FROM `trabalhados` WHERE (flag = 0 and ano_letivo = '2012') AND (`trabalhados`.`professor_id` = 876) [0m
Rendering template within layouts/application
Rendering trabalhados/index
  [4;35;1mProfessor Columns (2.1ms)[0m   [0mSHOW FIELDS FROM `professors`[0m
  [4;36;1mProfessor Load (0.1ms)[0m   [0;1mSELECT * FROM `professors` WHERE (`professors`.`id` = 876) [0m
Rendered trabalhados/_alterar_apagar (16.0ms)
  [4;35;1mAnnouncement Load (0.5ms)[0m   [0mSELECT * FROM `announcements` WHERE (starts_at <= now() AND ends_at >= now()) [0m
  [4;36;1mroles_users Columns (2.2ms)[0m   [0;1mSHOW FIELDS FROM `roles_users`[0m
  [4;35;1mRole Load (0.1ms)[0m   [0mSELECT * FROM `roles` INNER JOIN `roles_users` ON `roles`.id = `roles_users`.role_id WHERE (`roles_users`.user_id = 1 ) [0m
  [4;36;1mRole Columns (0.8ms)[0m   [0;1mSHOW FIELDS FROM `roles`[0m
Completed in 398ms (View: 84, DB: 15) | 200 OK [http://localhost/tempo_de_servico?professor=QWevxZ876HnmJKt]
  [4;35;1mSQL (0.1ms)[0m   [0mSET NAMES 'utf8'[0m
  [4;36;1mSQL (0.1ms)[0m   [0;1mSET SQL_AUTO_IS_NULL=0[0m


Processing TrabalhadosController#index (for 127.0.0.1 at 2012-07-04 09:22:17) [GET]
  Parameters: {"professor"=>"QWevxZ876HnmJKt"}
  [4;35;1mUser Columns (1.4ms)[0m   [0mSHOW FIELDS FROM `users`[0m
  [4;36;1mUser Load (0.2ms)[0m   [0;1mSELECT * FROM `users` WHERE (`users`.`id` = 1) LIMIT 1[0m
  [4;35;1mProfessor Load (2.7ms)[0m   [0mSELECT * FROM `professors` ORDER BY matricula[0m
  [4;36;1mCACHE (0.0ms)[0m   [0;1mSELECT * FROM `professors` ORDER BY matricula[0m
  [4;35;1mConfiguration Columns (1.8ms)[0m   [0mSHOW FIELDS FROM `configurations`[0m
  [4;36;1mConfiguration Load (0.2ms)[0m   [0;1mSELECT * FROM `configurations` WHERE (`configurations`.`user_id` = 1) LIMIT 1[0m
  [4;35;1mTrabalhado Columns (2.3ms)[0m   [0mSHOW FIELDS FROM `trabalhados`[0m
  [4;36;1mTrabalhado Load (0.2ms)[0m   [0;1mSELECT * FROM `trabalhados` WHERE (flag = 0 and ano_letivo = '2012') AND (`trabalhados`.`professor_id` = 876) [0m
Rendering template within layouts/application
Rendering trabalhados/index
  [4;35;1mProfessor Columns (2.2ms)[0m   [0mSHOW FIELDS FROM `professors`[0m
  [4;36;1mProfessor Load (0.1ms)[0m   [0;1mSELECT * FROM `professors` WHERE (`professors`.`id` = 876) [0m
Rendered trabalhados/_alterar_apagar (19.6ms)
  [4;35;1mAnnouncement Load (0.8ms)[0m   [0mSELECT * FROM `announcements` WHERE (starts_at <= now() AND ends_at >= now()) [0m
  [4;36;1mroles_users Columns (1.2ms)[0m   [0;1mSHOW FIELDS FROM `roles_users`[0m
  [4;35;1mRole Load (0.2ms)[0m   [0mSELECT * FROM `roles` INNER JOIN `roles_users` ON `roles`.id = `roles_users`.role_id WHERE (`roles_users`.user_id = 1 ) [0m
  [4;36;1mRole Columns (0.9ms)[0m   [0;1mSHOW FIELDS FROM `roles`[0m
Completed in 361ms (View: 119, DB: 14) | 200 OK [http://localhost/tempo_de_servico?professor=QWevxZ876HnmJKt]
  [4;35;1mSQL (0.1ms)[0m   [0mSET NAMES 'utf8'[0m
  [4;36;1mSQL (0.1ms)[0m   [0;1mSET SQL_AUTO_IS_NULL=0[0m


Processing TrabalhadosController#edit (for 127.0.0.1 at 2012-07-04 09:22:27) [GET]
  Parameters: {"id"=>"10530"}
  [4;35;1mUser Columns (1.9ms)[0m   [0mSHOW FIELDS FROM `users`[0m
  [4;36;1mUser Load (0.2ms)[0m   [0;1mSELECT * FROM `users` WHERE (`users`.`id` = 1) LIMIT 1[0m
  [4;35;1mProfessor Load (4.7ms)[0m   [0mSELECT * FROM `professors` ORDER BY matricula[0m
  [4;36;1mCACHE (0.0ms)[0m   [0;1mSELECT * FROM `professors` ORDER BY matricula[0m
  [4;35;1mConfiguration Columns (1.4ms)[0m   [0mSHOW FIELDS FROM `configurations`[0m
  [4;36;1mConfiguration Load (0.1ms)[0m   [0;1mSELECT * FROM `configurations` WHERE (`configurations`.`user_id` = 1) LIMIT 1[0m
  [4;35;1mTrabalhado Columns (2.4ms)[0m   [0mSHOW FIELDS FROM `trabalhados`[0m
  [4;36;1mTrabalhado Load (0.2ms)[0m   [0;1mSELECT * FROM `trabalhados` WHERE (`trabalhados`.`id` = 10530) [0m
Rendering template within layouts/application
Rendering trabalhados/edit
  [4;35;1mProfessor Columns (3.1ms)[0m   [0mSHOW FIELDS FROM `professors`[0m
  [4;36;1mAnnouncement Load (0.4ms)[0m   [0;1mSELECT * FROM `announcements` WHERE (starts_at <= now() AND ends_at >= now()) [0m
  [4;35;1mroles_users Columns (0.9ms)[0m   [0mSHOW FIELDS FROM `roles_users`[0m
  [4;36;1mRole Load (0.1ms)[0m   [0;1mSELECT * FROM `roles` INNER JOIN `roles_users` ON `roles`.id = `roles_users`.role_id WHERE (`roles_users`.user_id = 1 ) [0m
  [4;35;1mRole Columns (0.7ms)[0m   [0mSHOW FIELDS FROM `roles`[0m
Completed in 504ms (View: 139, DB: 16) | 200 OK [http://localhost/tempo_de_servico/10530/alterar]
